<?xml version="1.0" encoding="UTF-8"?>
<!-- Generated by org.testng.reporters.JUnitXMLReporter -->
<testsuite ignored="0" hostname="DESKTOP-EFS8UAB" failures="1" tests="3" name="CreateLeadTest_Playwright_Firefox" time="126.332" errors="0" timestamp="2025-05-19T19:46:10 IST">
  <testcase classname="pages.BasePage" name="@AfterMethod tearDown" time="30.021">
    <failure type="com.microsoft.playwright.TimeoutError" message="Error {
  message=&amp;apos;Timeout 30000ms exceeded.
  name=&amp;apos;TimeoutError
  stack=&amp;apos;TimeoutError: Timeout 30000ms exceeded.
    at ProgressController.run (C:\Users\DELL\AppData\Local\Temp\playwright-java-9094571774876306972\package\lib\server\progress.js:78:26)
    at Frame.click (C:\Users\DELL\AppData\Local\Temp\playwright-java-9094571774876306972\package\lib\server\frames.js:1013:23)
    at FrameDispatcher.click (C:\Users\DELL\AppData\Local\Temp\playwright-java-9094571774876306972\package\lib\server\dispatchers\frameDispatcher.js:157:30)
    at FrameDispatcher._handleCommand (C:\Users\DELL\AppData\Local\Temp\playwright-java-9094571774876306972\package\lib\server\dispatchers\dispatcher.js:94:40)
    at DispatcherConnection.dispatch (C:\Users\DELL\AppData\Local\Temp\playwright-java-9094571774876306972\package\lib\server\dispatchers\dispatcher.js:361:39)
}
Call log:
- waiting for locator(&amp;quot;//span[@data-aura-class=&amp;apos;oneUserProfileCardTrigger&amp;apos;]//button&amp;quot;).first()
-   locator resolved to &amp;lt;button type=&amp;quot;button&amp;quot; aria-haspopup=&amp;quot;true&amp;quot; data-aura-rendered-by=&amp;quot;97:204;a&amp;quot; class=&amp;quot;slds-button branding-userProfile-button slds-button slds-global-actions__avatar slds-global-actions__item-action&amp;quot;&amp;gt;…&amp;lt;/button&amp;gt;
- attempting click action
-   waiting for element to be visible, enabled and stable
-   element is visible, enabled and stable
-   scrolling into view if needed
-   done scrolling
-   &amp;lt;div role=&amp;quot;dialog&amp;quot; tabindex=&amp;quot;-1&amp;quot; aria-modal=&amp;quot;true&amp;quot; aria-labelledby=&amp;quot;title_2705:0&amp;quot; data-aura-rendered-by=&amp;quot;2720:0&amp;quot; class=&amp;quot;panel slds-modal slds-modal_large slds-fade-in-open&amp;quot;&amp;gt;…&amp;lt;/div&amp;gt; from &amp;lt;div data-aura-rendered-by=&amp;quot;540:84;a&amp;quot; class=&amp;quot;DESKTOP uiContainerManager&amp;quot; data-aura-class=&amp;quot;uiContainerManager&amp;quot;&amp;gt;…&amp;lt;/div&amp;gt; subtree intercepts pointer events
- retrying click action, attempt #1
-   waiting for element to be visible, enabled and stable
-   element is visible, enabled and stable
-   scrolling into view if needed
-   done scrolling
-   &amp;lt;div role=&amp;quot;dialog&amp;quot; tabindex=&amp;quot;-1&amp;quot; aria-modal=&amp;quot;true&amp;quot; aria-labelledby=&amp;quot;title_2705:0&amp;quot; data-aura-rendered-by=&amp;quot;2720:0&amp;quot; class=&amp;quot;panel slds-modal slds-modal_large slds-fade-in-open&amp;quot;&amp;gt;…&amp;lt;/div&amp;gt; from &amp;lt;div data-aura-rendered-by=&amp;quot;540:84;a&amp;quot; class=&amp;quot;DESKTOP uiContainerManager&amp;quot; data-aura-class=&amp;quot;uiContainerManager&amp;quot;&amp;gt;…&amp;lt;/div&amp;gt; subtree intercepts pointer events
- retrying click action, attempt #2
-   waiting 20ms
-   waiting for element to be visible, enabled and stable
-   element is visible, enabled and stable
-   scrolling into view if needed
-   done scrolling
-   &amp;lt;div role=&amp;quot;dialog&amp;quot; tabindex=&amp;quot;-1&amp;quot; aria-modal=&amp;quot;true&amp;quot; aria-labelledby=&amp;quot;title_2705:0&amp;quot; data-aura-rendered-by=&amp;quot;2720:0&amp;quot; class=&amp;quot;panel slds-modal slds-modal_large slds-fade-in-open&amp;quot;&amp;gt;…&amp;lt;/div&amp;gt; from &amp;lt;div data-aura-rendered-by=&amp;quot;540:84;a&amp;quot; class=&amp;quot;DESKTOP uiContainerManager&amp;quot; data-aura-class=&amp;quot;uiContainerManager&amp;quot;&amp;gt;…&amp;lt;/div&amp;gt; subtree intercepts pointer events
- retrying click action, attempt #3
-   waiting 100ms
-   waiting for element to be visible, enabled and stable
-   element is visible, enabled and stable
-   scrolling into view if needed
-   done scrolling
-   &amp;lt;div role=&amp;quot;dialog&amp;quot; tabindex=&amp;quot;-1&amp;quot; aria-modal=&amp;quot;true&amp;quot; aria-labelledby=&amp;quot;title_2705:0&amp;quot; data-aura-rendered-by=&amp;quot;2720:0&amp;quot; class=&amp;quot;panel slds-modal slds-modal_large slds-fade-in-open&amp;quot;&amp;gt;…&amp;lt;/div&amp;gt; from &amp;lt;div data-aura-rendered-by=&amp;quot;540:84;a&amp;quot; class=&amp;quot;DESKTOP uiContainerManager&amp;quot; data-aura-class=&amp;quot;uiContainerManager&amp;quot;&amp;gt;…&amp;lt;/div&amp;gt; subtree intercepts pointer events
- retrying click action, attempt #4
-   waiting 100ms
-   waiting for element to be visible, enabled and stable
-   element is visible, enabled and stable
-   scrolling into view if needed
-   done scrolling
-   &amp;lt;div role=&amp;quot;dialog&amp;quot; tabindex=&amp;quot;-1&amp;quot; aria-modal=&amp;quot;true&amp;quot; aria-labelledby=&amp;quot;title_2705:0&amp;quot; data-aura-rendered-by=&amp;quot;2720:0&amp;quot; class=&amp;quot;panel slds-modal slds-modal_large slds-fade-in-open&amp;quot;&amp;gt;…&amp;lt;/div&amp;gt; from &amp;lt;div data-aura-rendered-by=&amp;quot;540:84;a&amp;quot; class=&amp;quot;DESKTOP uiContainerManager&amp;quot; data-aura-class=&amp;quot;uiContainerManager&amp;quot;&amp;gt;…&amp;lt;/div&amp;gt; subtree intercepts pointer events
- retrying click action, attempt #5
-   waiting 500ms
-   waiting for element to be visible, enabled and stable
-   element is visible, enabled and stable
-   scrolling into view if needed
-   done scrolling
-   &amp;lt;div role=&amp;quot;dialog&amp;quot; tabindex=&amp;quot;-1&amp;quot; aria-modal=&amp;quot;true&amp;quot; aria-labelledby=&amp;quot;title_2705:0&amp;quot; data-aura-rendered-by=&amp;quot;2720:0&amp;quot; class=&amp;quot;panel slds-modal slds-modal_large slds-fade-in-open&amp;quot;&amp;gt;…&amp;lt;/div&amp;gt; from &amp;lt;div data-aura-rendered-by=&amp;quot;540:84;a&amp;quot; class=&amp;quot;DESKTOP uiContainerManager&amp;quot; data-aura-class=&amp;quot;uiContainerManager&amp;quot;&amp;gt;…&amp;lt;/div&amp;gt; subtree intercepts pointer events
- retrying click action, attempt #6
-   waiting 500ms
-   waiting for element to be visible, enabled and stable
-   element is visible, enabled and stable
-   scrolling into view if needed
-   done scrolling
-   &amp;lt;div role=&amp;quot;dialog&amp;quot; tabindex=&amp;quot;-1&amp;quot; aria-modal=&amp;quot;true&amp;quot; aria-labelledby=&amp;quot;title_2705:0&amp;quot; data-aura-rendered-by=&amp;quot;2720:0&amp;quot; class=&amp;quot;panel slds-modal slds-modal_large slds-fade-in-open&amp;quot;&amp;gt;…&amp;lt;/div&amp;gt; from &amp;lt;div data-aura-rendered-by=&amp;quot;540:84;a&amp;quot; class=&amp;quot;DESKTOP uiContainerManager&amp;quot; data-aura-class=&amp;quot;uiContainerManager&amp;quot;&amp;gt;…&amp;lt;/div&amp;gt; subtree intercepts pointer events
- retrying click action, attempt #7
-   waiting 500ms
-   waiting for element to be visible, enabled and stable
-   element is visible, enabled and stable
-   scrolling into view if needed
-   done scrolling
-   &amp;lt;div role=&amp;quot;dialog&amp;quot; tabindex=&amp;quot;-1&amp;quot; aria-modal=&amp;quot;true&amp;quot; aria-labelledby=&amp;quot;title_2705:0&amp;quot; data-aura-rendered-by=&amp;quot;2720:0&amp;quot; class=&amp;quot;panel slds-modal slds-modal_large slds-fade-in-open&amp;quot;&amp;gt;…&amp;lt;/div&amp;gt; from &amp;lt;div data-aura-rendered-by=&amp;quot;540:84;a&amp;quot; class=&amp;quot;DESKTOP uiContainerManager&amp;quot; data-aura-class=&amp;quot;uiContainerManager&amp;quot;&amp;gt;…&amp;lt;/div&amp;gt; subtree intercepts pointer events
- retrying click action, attempt #8
-   waiting 500ms
-   waiting for element to be visible, enabled and stable
-   element is visible, enabled and stable
-   scrolling into view if needed
-   done scrolling
-   &amp;lt;div role=&amp;quot;dialog&amp;quot; tabindex=&amp;quot;-1&amp;quot; aria-modal=&amp;quot;true&amp;quot; aria-labelledby=&amp;quot;title_2705:0&amp;quot; data-aura-rendered-by=&amp;quot;2720:0&amp;quot; class=&amp;quot;panel slds-modal slds-modal_large slds-fade-in-open&amp;quot;&amp;gt;…&amp;lt;/div&amp;gt; from &amp;lt;div data-aura-rendered-by=&amp;quot;540:84;a&amp;quot; class=&amp;quot;DESKTOP uiContainerManager&amp;quot; data-aura-class=&amp;quot;uiContainerManager&amp;quot;&amp;gt;…&amp;lt;/div&amp;gt; subtree intercepts pointer events
- retrying click action, attempt #9
-   waiting 500ms
-   waiting for element to be visible, enabled and stable
-   element is visible, enabled and stable
-   scrolling into view if needed
-   done scrolling
-   &amp;lt;div role=&amp;quot;dialog&amp;quot; tabindex=&amp;quot;-1&amp;quot; aria-modal=&amp;quot;true&amp;quot; aria-labelledby=&amp;quot;title_2705:0&amp;quot; data-aura-rendered-by=&amp;quot;2720:0&amp;quot; class=&amp;quot;panel slds-modal slds-modal_large slds-fade-in-open&amp;quot;&amp;gt;…&amp;lt;/div&amp;gt; from &amp;lt;div data-aura-rendered-by=&amp;quot;540:84;a&amp;quot; class=&amp;quot;DESKTOP uiContainerManager&amp;quot; data-aura-class=&amp;quot;uiContainerManager&amp;quot;&amp;gt;…&amp;lt;/div&amp;gt; subtree intercepts pointer events
- retrying click action, attempt #10
-   waiting 500ms
-   waiting for element to be visible, enabled and stable
-   element is visible, enabled and stable
-   scrolling into view if needed
-   done scrolling
-   &amp;lt;div role=&amp;quot;dialog&amp;quot; tabindex=&amp;quot;-1&amp;quot; aria-modal=&amp;quot;true&amp;quot; aria-labelledby=&amp;quot;title_2705:0&amp;quot; data-aura-rendered-by=&amp;quot;2720:0&amp;quot; class=&amp;quot;panel slds-modal slds-modal_large slds-fade-in-open&amp;quot;&amp;gt;…&amp;lt;/div&amp;gt; from &amp;lt;div data-aura-rendered-by=&amp;quot;540:84;a&amp;quot; class=&amp;quot;DESKTOP uiContainerManager&amp;quot; data-aura-class=&amp;quot;uiContainerManager&amp;quot;&amp;gt;…&amp;lt;/div&amp;gt; subtree intercepts pointer events
- retrying click action, attempt #11
-   waiting 500ms
-   waiting for element to be visible, enabled and stable
-   element is visible, enabled and stable
-   scrolling into view if needed
-   done scrolling
-   &amp;lt;div role=&amp;quot;dialog&amp;quot; tabindex=&amp;quot;-1&amp;quot; aria-modal=&amp;quot;true&amp;quot; aria-labelledby=&amp;quot;title_2705:0&amp;quot; data-aura-rendered-by=&amp;quot;2720:0&amp;quot; class=&amp;quot;panel slds-modal slds-modal_large slds-fade-in-open&amp;quot;&amp;gt;…&amp;lt;/div&amp;gt; from &amp;lt;div data-aura-rendered-by=&amp;quot;540:84;a&amp;quot; class=&amp;quot;DESKTOP uiContainerManager&amp;quot; data-aura-class=&amp;quot;uiContainerManager&amp;quot;&amp;gt;…&amp;lt;/div&amp;gt; subtree intercepts pointer events
- retrying click action, attempt #12
-   waiting 500ms
-   waiting for element to be visible, enabled and stable
-   element is visible, enabled and stable
-   scrolling into view if needed
-   done scrolling
-   &amp;lt;div role=&amp;quot;dialog&amp;quot; tabindex=&amp;quot;-1&amp;quot; aria-modal=&amp;quot;true&amp;quot; aria-labelledby=&amp;quot;title_2705:0&amp;quot; data-aura-rendered-by=&amp;quot;2720:0&amp;quot; class=&amp;quot;panel slds-modal slds-modal_large slds-fade-in-open&amp;quot;&amp;gt;…&amp;lt;/div&amp;gt; from &amp;lt;div data-aura-rendered-by=&amp;quot;540:84;a&amp;quot; class=&amp;quot;DESKTOP uiContainerManager&amp;quot; data-aura-class=&amp;quot;uiContainerManager&amp;quot;&amp;gt;…&amp;lt;/div&amp;gt; subtree intercepts pointer events
- retrying click action, attempt #13
-   waiting 500ms
-   waiting for element to be visible, enabled and stable
-   element is visible, enabled and stable
-   scrolling into view if needed
-   done scrolling
-   &amp;lt;div role=&amp;quot;dialog&amp;quot; tabindex=&amp;quot;-1&amp;quot; aria-modal=&amp;quot;true&amp;quot; aria-labelledby=&amp;quot;title_2705:0&amp;quot; data-aura-rendered-by=&amp;quot;2720:0&amp;quot; class=&amp;quot;panel slds-modal slds-modal_large slds-fade-in-open&amp;quot;&amp;gt;…&amp;lt;/div&amp;gt; from &amp;lt;div data-aura-rendered-by=&amp;quot;540:84;a&amp;quot; class=&amp;quot;DESKTOP uiContainerManager&amp;quot; data-aura-class=&amp;quot;uiContainerManager&amp;quot;&amp;gt;…&amp;lt;/div&amp;gt; subtree intercepts pointer events
- retrying click action, attempt #14
-   waiting 500ms
-   waiting for element to be visible, enabled and stable
-   element is visible, enabled and stable
-   scrolling into view if needed
-   done scrolling
-   &amp;lt;div role=&amp;quot;dialog&amp;quot; tabindex=&amp;quot;-1&amp;quot; aria-modal=&amp;quot;true&amp;quot; aria-labelledby=&amp;quot;title_2705:0&amp;quot; data-aura-rendered-by=&amp;quot;2720:0&amp;quot; class=&amp;quot;panel slds-modal slds-modal_large slds-fade-in-open&amp;quot;&amp;gt;…&amp;lt;/div&amp;gt; from &amp;lt;div data-aura-rendered-by=&amp;quot;540:84;a&amp;quot; class=&amp;quot;DESKTOP uiContainerManager&amp;quot; data-aura-class=&amp;quot;uiContainerManager&amp;quot;&amp;gt;…&amp;lt;/div&amp;gt; subtree intercepts pointer events
- retrying click action, attempt #15
-   waiting 500ms
-   waiting for element to be visible, enabled and stable
-   element is visible, enabled and stable
-   scrolling into view if needed
-   done scrolling
-   &amp;lt;div role=&amp;quot;dialog&amp;quot; tabindex=&amp;quot;-1&amp;quot; aria-modal=&amp;quot;true&amp;quot; aria-labelledby=&amp;quot;title_2705:0&amp;quot; data-aura-rendered-by=&amp;quot;2720:0&amp;quot; class=&amp;quot;panel slds-modal slds-modal_large slds-fade-in-open&amp;quot;&amp;gt;…&amp;lt;/div&amp;gt; from &amp;lt;div data-aura-rendered-by=&amp;quot;540:84;a&amp;quot; class=&amp;quot;DESKTOP uiContainerManager&amp;quot; data-aura-class=&amp;quot;uiContainerManager&amp;quot;&amp;gt;…&amp;lt;/div&amp;gt; subtree intercepts pointer events
- retrying click action, attempt #16
-   waiting 500ms
-   waiting for element to be visible, enabled and stable
-   element is visible, enabled and stable
-   scrolling into view if needed
-   done scrolling
-   &amp;lt;div role=&amp;quot;dialog&amp;quot; tabindex=&amp;quot;-1&amp;quot; aria-modal=&amp;quot;true&amp;quot; aria-labelledby=&amp;quot;title_2705:0&amp;quot; data-aura-rendered-by=&amp;quot;2720:0&amp;quot; class=&amp;quot;panel slds-modal slds-modal_large slds-fade-in-open&amp;quot;&amp;gt;…&amp;lt;/div&amp;gt; from &amp;lt;div data-aura-rendered-by=&amp;quot;540:84;a&amp;quot; class=&amp;quot;DESKTOP uiContainerManager&amp;quot; data-aura-class=&amp;quot;uiContainerManager&amp;quot;&amp;gt;…&amp;lt;/div&amp;gt; subtree intercepts pointer events
- retrying click action, attempt #17
-   waiting 500ms
-   waiting for element to be visible, enabled and stable
-   element is visible, enabled and stable
-   scrolling into view if needed
-   done scrolling
-   &amp;lt;div role=&amp;quot;dialog&amp;quot; tabindex=&amp;quot;-1&amp;quot; aria-modal=&amp;quot;true&amp;quot; aria-labelledby=&amp;quot;title_2705:0&amp;quot; data-aura-rendered-by=&amp;quot;2720:0&amp;quot; class=&amp;quot;panel slds-modal slds-modal_large slds-fade-in-open&amp;quot;&amp;gt;…&amp;lt;/div&amp;gt; from &amp;lt;div data-aura-rendered-by=&amp;quot;540:84;a&amp;quot; class=&amp;quot;DESKTOP uiContainerManager&amp;quot; data-aura-class=&amp;quot;uiContainerManager&amp;quot;&amp;gt;…&amp;lt;/div&amp;gt; subtree intercepts pointer events
- retrying click action, attempt #18
-   waiting 500ms
-   waiting for element to be visible, enabled and stable
-   element is visible, enabled and stable
-   scrolling into view if needed
-   done scrolling
-   &amp;lt;div role=&amp;quot;dialog&amp;quot; tabindex=&amp;quot;-1&amp;quot; aria-modal=&amp;quot;true&amp;quot; aria-labelledby=&amp;quot;title_2705:0&amp;quot; data-aura-rendered-by=&amp;quot;2720:0&amp;quot; class=&amp;quot;panel slds-modal slds-modal_large slds-fade-in-open&amp;quot;&amp;gt;…&amp;lt;/div&amp;gt; from &amp;lt;div data-aura-rendered-by=&amp;quot;540:84;a&amp;quot; class=&amp;quot;DESKTOP uiContainerManager&amp;quot; data-aura-class=&amp;quot;uiContainerManager&amp;quot;&amp;gt;…&amp;lt;/div&amp;gt; subtree intercepts pointer events
- retrying click action, attempt #19
-   waiting 500ms
-   waiting for element to be visible, enabled and stable
-   element is visible, enabled and stable
-   scrolling into view if needed
-   done scrolling
-   &amp;lt;div role=&amp;quot;dialog&amp;quot; tabindex=&amp;quot;-1&amp;quot; aria-modal=&amp;quot;true&amp;quot; aria-labelledby=&amp;quot;title_2705:0&amp;quot; data-aura-rendered-by=&amp;quot;2720:0&amp;quot; class=&amp;quot;panel slds-modal slds-modal_large slds-fade-in-open&amp;quot;&amp;gt;…&amp;lt;/div&amp;gt; from &amp;lt;div data-aura-rendered-by=&amp;quot;540:84;a&amp;quot; class=&amp;quot;DESKTOP uiContainerManager&amp;quot; data-aura-class=&amp;quot;uiContainerManager&amp;quot;&amp;gt;…&amp;lt;/div&amp;gt; subtree intercepts pointer events
- retrying click action, attempt #20
-   waiting 500ms
-   waiting for element to be visible, enabled and stable
-   element is visible, enabled and stable
-   scrolling into view if needed
-   done scrolling
-   &amp;lt;div role=&amp;quot;dialog&amp;quot; tabindex=&amp;quot;-1&amp;quot; aria-modal=&amp;quot;true&amp;quot; aria-labelledby=&amp;quot;title_2705:0&amp;quot; data-aura-rendered-by=&amp;quot;2720:0&amp;quot; class=&amp;quot;panel slds-modal slds-modal_large slds-fade-in-open&amp;quot;&amp;gt;…&amp;lt;/div&amp;gt; from &amp;lt;div data-aura-rendered-by=&amp;quot;540:84;a&amp;quot; class=&amp;quot;DESKTOP uiContainerManager&amp;quot; data-aura-class=&amp;quot;uiContainerManager&amp;quot;&amp;gt;…&amp;lt;/div&amp;gt; subtree intercepts pointer events
- retrying click action, attempt #21
-   waiting 500ms
-   waiting for element to be visible, enabled and stable
-   element is visible, enabled and stable
-   scrolling into view if needed
-   done scrolling
-   &amp;lt;div role=&amp;quot;dialog&amp;quot; tabindex=&amp;quot;-1&amp;quot; aria-modal=&amp;quot;true&amp;quot; aria-labelledby=&amp;quot;title_2705:0&amp;quot; data-aura-rendered-by=&amp;quot;2720:0&amp;quot; class=&amp;quot;panel slds-modal slds-modal_large slds-fade-in-open&amp;quot;&amp;gt;…&amp;lt;/div&amp;gt; from &amp;lt;div data-aura-rendered-by=&amp;quot;540:84;a&amp;quot; class=&amp;quot;DESKTOP uiContainerManager&amp;quot; data-aura-class=&amp;quot;uiContainerManager&amp;quot;&amp;gt;…&amp;lt;/div&amp;gt; subtree intercepts pointer events
- retrying click action, attempt #22
-   waiting 500ms
-   waiting for element to be visible, enabled and stable
-   element is visible, enabled and stable
-   scrolling into view if needed
-   done scrolling
-   &amp;lt;div role=&amp;quot;dialog&amp;quot; tabindex=&amp;quot;-1&amp;quot; aria-modal=&amp;quot;true&amp;quot; aria-labelledby=&amp;quot;title_2705:0&amp;quot; data-aura-rendered-by=&amp;quot;2720:0&amp;quot; class=&amp;quot;panel slds-modal slds-modal_large slds-fade-in-open&amp;quot;&amp;gt;…&amp;lt;/div&amp;gt; from &amp;lt;div data-aura-rendered-by=&amp;quot;540:84;a&amp;quot; class=&amp;quot;DESKTOP uiContainerManager&amp;quot; data-aura-class=&amp;quot;uiContainerManager&amp;quot;&amp;gt;…&amp;lt;/div&amp;gt; subtree intercepts pointer events
- retrying click action, attempt #23
-   waiting 500ms
-   waiting for element to be visible, enabled and stable
-   element is visible, enabled and stable
-   scrolling into view if needed
-   done scrolling
-   &amp;lt;div role=&amp;quot;dialog&amp;quot; tabindex=&amp;quot;-1&amp;quot; aria-modal=&amp;quot;true&amp;quot; aria-labelledby=&amp;quot;title_2705:0&amp;quot; data-aura-rendered-by=&amp;quot;2720:0&amp;quot; class=&amp;quot;panel slds-modal slds-modal_large slds-fade-in-open&amp;quot;&amp;gt;…&amp;lt;/div&amp;gt; from &amp;lt;div data-aura-rendered-by=&amp;quot;540:84;a&amp;quot; class=&amp;quot;DESKTOP uiContainerManager&amp;quot; data-aura-class=&amp;quot;uiContainerManager&amp;quot;&amp;gt;…&amp;lt;/div&amp;gt; subtree intercepts pointer events
- retrying click action, attempt #24
-   waiting 500ms
-   waiting for element to be visible, enabled and stable
-   element is visible, enabled and stable
-   scrolling into view if needed
-   done scrolling
-   &amp;lt;div role=&amp;quot;dialog&amp;quot; tabindex=&amp;quot;-1&amp;quot; aria-modal=&amp;quot;true&amp;quot; aria-labelledby=&amp;quot;title_2705:0&amp;quot; data-aura-rendered-by=&amp;quot;2720:0&amp;quot; class=&amp;quot;panel slds-modal slds-modal_large slds-fade-in-open&amp;quot;&amp;gt;…&amp;lt;/div&amp;gt; from &amp;lt;div data-aura-rendered-by=&amp;quot;540:84;a&amp;quot; class=&amp;quot;DESKTOP uiContainerManager&amp;quot; data-aura-class=&amp;quot;uiContainerManager&amp;quot;&amp;gt;…&amp;lt;/div&amp;gt; subtree intercepts pointer events
- retrying click action, attempt #25
-   waiting 500ms
-   waiting for element to be visible, enabled and stable
-   element is visible, enabled and stable
-   scrolling into view if needed
-   done scrolling
-   &amp;lt;div role=&amp;quot;dialog&amp;quot; tabindex=&amp;quot;-1&amp;quot; aria-modal=&amp;quot;true&amp;quot; aria-labelledby=&amp;quot;title_2705:0&amp;quot; data-aura-rendered-by=&amp;quot;2720:0&amp;quot; class=&amp;quot;panel slds-modal slds-modal_large slds-fade-in-open&amp;quot;&amp;gt;…&amp;lt;/div&amp;gt; from &amp;lt;div data-aura-rendered-by=&amp;quot;540:84;a&amp;quot; class=&amp;quot;DESKTOP uiContainerManager&amp;quot; data-aura-class=&amp;quot;uiContainerManager&amp;quot;&amp;gt;…&amp;lt;/div&amp;gt; subtree intercepts pointer events
- retrying click action, attempt #26
-   waiting 500ms
-   waiting for element to be visible, enabled and stable
-   element is visible, enabled and stable
-   scrolling into view if needed
-   done scrolling
-   &amp;lt;div role=&amp;quot;dialog&amp;quot; tabindex=&amp;quot;-1&amp;quot; aria-modal=&amp;quot;true&amp;quot; aria-labelledby=&amp;quot;title_2705:0&amp;quot; data-aura-rendered-by=&amp;quot;2720:0&amp;quot; class=&amp;quot;panel slds-modal slds-modal_large slds-fade-in-open&amp;quot;&amp;gt;…&amp;lt;/div&amp;gt; from &amp;lt;div data-aura-rendered-by=&amp;quot;540:84;a&amp;quot; class=&amp;quot;DESKTOP uiContainerManager&amp;quot; data-aura-class=&amp;quot;uiContainerManager&amp;quot;&amp;gt;…&amp;lt;/div&amp;gt; subtree intercepts pointer events
- retrying click action, attempt #27
-   waiting 500ms
-   waiting for element to be visible, enabled and stable
-   element is visible, enabled and stable
-   scrolling into view if needed
-   done scrolling
-   &amp;lt;div role=&amp;quot;dialog&amp;quot; tabindex=&amp;quot;-1&amp;quot; aria-modal=&amp;quot;true&amp;quot; aria-labelledby=&amp;quot;title_2705:0&amp;quot; data-aura-rendered-by=&amp;quot;2720:0&amp;quot; class=&amp;quot;panel slds-modal slds-modal_large slds-fade-in-open&amp;quot;&amp;gt;…&amp;lt;/div&amp;gt; from &amp;lt;div data-aura-rendered-by=&amp;quot;540:84;a&amp;quot; class=&amp;quot;DESKTOP uiContainerManager&amp;quot; data-aura-class=&amp;quot;uiContainerManager&amp;quot;&amp;gt;…&amp;lt;/div&amp;gt; subtree intercepts pointer events
- retrying click action, attempt #28
-   waiting 500ms
-   waiting for element to be visible, enabled and stable
-   element is visible, enabled and stable
-   scrolling into view if needed
-   done scrolling
-   &amp;lt;div role=&amp;quot;dialog&amp;quot; tabindex=&amp;quot;-1&amp;quot; aria-modal=&amp;quot;true&amp;quot; aria-labelledby=&amp;quot;title_2705:0&amp;quot; data-aura-rendered-by=&amp;quot;2720:0&amp;quot; class=&amp;quot;panel slds-modal slds-modal_large slds-fade-in-open&amp;quot;&amp;gt;…&amp;lt;/div&amp;gt; from &amp;lt;div data-aura-rendered-by=&amp;quot;540:84;a&amp;quot; class=&amp;quot;DESKTOP uiContainerManager&amp;quot; data-aura-class=&amp;quot;uiContainerManager&amp;quot;&amp;gt;…&amp;lt;/div&amp;gt; subtree intercepts pointer events
- retrying click action, attempt #29
-   waiting 500ms
-   waiting for element to be visible, enabled and stable
-   element is visible, enabled and stable
-   scrolling into view if needed
-   done scrolling
-   &amp;lt;div role=&amp;quot;dialog&amp;quot; tabindex=&amp;quot;-1&amp;quot; aria-modal=&amp;quot;true&amp;quot; aria-labelledby=&amp;quot;title_2705:0&amp;quot; data-aura-rendered-by=&amp;quot;2720:0&amp;quot; class=&amp;quot;panel slds-modal slds-modal_large slds-fade-in-open&amp;quot;&amp;gt;…&amp;lt;/div&amp;gt; from &amp;lt;div data-aura-rendered-by=&amp;quot;540:84;a&amp;quot; class=&amp;quot;DESKTOP uiContainerManager&amp;quot; data-aura-class=&amp;quot;uiContainerManager&amp;quot;&amp;gt;…&amp;lt;/div&amp;gt; subtree intercepts pointer events
- retrying click action, attempt #30
-   waiting 500ms
-   waiting for element to be visible, enabled and stable
-   element is visible, enabled and stable
-   scrolling into view if needed
-   done scrolling
-   &amp;lt;div role=&amp;quot;dialog&amp;quot; tabindex=&amp;quot;-1&amp;quot; aria-modal=&amp;quot;true&amp;quot; aria-labelledby=&amp;quot;title_2705:0&amp;quot; data-aura-rendered-by=&amp;quot;2720:0&amp;quot; class=&amp;quot;panel slds-modal slds-modal_large slds-fade-in-open&amp;quot;&amp;gt;…&amp;lt;/div&amp;gt; from &amp;lt;div data-aura-rendered-by=&amp;quot;540:84;a&amp;quot; class=&amp;quot;DESKTOP uiContainerManager&amp;quot; data-aura-class=&amp;quot;uiContainerManager&amp;quot;&amp;gt;…&amp;lt;/div&amp;gt; subtree intercepts pointer events
- retrying click action, attempt #31
-   waiting 500ms
-   waiting for element to be visible, enabled and stable
-   element is visible, enabled and stable
-   scrolling into view if needed
-   done scrolling
-   &amp;lt;div role=&amp;quot;dialog&amp;quot; tabindex=&amp;quot;-1&amp;quot; aria-modal=&amp;quot;true&amp;quot; aria-labelledby=&amp;quot;title_2705:0&amp;quot; data-aura-rendered-by=&amp;quot;2720:0&amp;quot; class=&amp;quot;panel slds-modal slds-modal_large slds-fade-in-open&amp;quot;&amp;gt;…&amp;lt;/div&amp;gt; from &amp;lt;div data-aura-rendered-by=&amp;quot;540:84;a&amp;quot; class=&amp;quot;DESKTOP uiContainerManager&amp;quot; data-aura-class=&amp;quot;uiContainerManager&amp;quot;&amp;gt;…&amp;lt;/div&amp;gt; subtree intercepts pointer events
- retrying click action, attempt #32
-   waiting 500ms
-   waiting for element to be visible, enabled and stable
-   element is visible, enabled and stable
-   scrolling into view if needed
-   done scrolling
-   &amp;lt;div role=&amp;quot;dialog&amp;quot; tabindex=&amp;quot;-1&amp;quot; aria-modal=&amp;quot;true&amp;quot; aria-labelledby=&amp;quot;title_2705:0&amp;quot; data-aura-rendered-by=&amp;quot;2720:0&amp;quot; class=&amp;quot;panel slds-modal slds-modal_large slds-fade-in-open&amp;quot;&amp;gt;…&amp;lt;/div&amp;gt; from &amp;lt;div data-aura-rendered-by=&amp;quot;540:84;a&amp;quot; class=&amp;quot;DESKTOP uiContainerManager&amp;quot; data-aura-class=&amp;quot;uiContainerManager&amp;quot;&amp;gt;…&amp;lt;/div&amp;gt; subtree intercepts pointer events
- retrying click action, attempt #33
-   waiting 500ms
-   waiting for element to be visible, enabled and stable
-   element is visible, enabled and stable
-   scrolling into view if needed
-   done scrolling
-   &amp;lt;div role=&amp;quot;dialog&amp;quot; tabindex=&amp;quot;-1&amp;quot; aria-modal=&amp;quot;true&amp;quot; aria-labelledby=&amp;quot;title_2705:0&amp;quot; data-aura-rendered-by=&amp;quot;2720:0&amp;quot; class=&amp;quot;panel slds-modal slds-modal_large slds-fade-in-open&amp;quot;&amp;gt;…&amp;lt;/div&amp;gt; from &amp;lt;div data-aura-rendered-by=&amp;quot;540:84;a&amp;quot; class=&amp;quot;DESKTOP uiContainerManager&amp;quot; data-aura-class=&amp;quot;uiContainerManager&amp;quot;&amp;gt;…&amp;lt;/div&amp;gt; subtree intercepts pointer events
- retrying click action, attempt #34
-   waiting 500ms
-   waiting for element to be visible, enabled and stable
-   element is visible, enabled and stable
-   scrolling into view if needed
-   done scrolling
-   &amp;lt;div role=&amp;quot;dialog&amp;quot; tabindex=&amp;quot;-1&amp;quot; aria-modal=&amp;quot;true&amp;quot; aria-labelledby=&amp;quot;title_2705:0&amp;quot; data-aura-rendered-by=&amp;quot;2720:0&amp;quot; class=&amp;quot;panel slds-modal slds-modal_large slds-fade-in-open&amp;quot;&amp;gt;…&amp;lt;/div&amp;gt; from &amp;lt;div data-aura-rendered-by=&amp;quot;540:84;a&amp;quot; class=&amp;quot;DESKTOP uiContainerManager&amp;quot; data-aura-class=&amp;quot;uiContainerManager&amp;quot;&amp;gt;…&amp;lt;/div&amp;gt; subtree intercepts pointer events
- retrying click action, attempt #35
-   waiting 500ms
-   waiting for element to be visible, enabled and stable
-   element is visible, enabled and stable
-   scrolling into view if needed
-   done scrolling
-   &amp;lt;div role=&amp;quot;dialog&amp;quot; tabindex=&amp;quot;-1&amp;quot; aria-modal=&amp;quot;true&amp;quot; aria-labelledby=&amp;quot;title_2705:0&amp;quot; data-aura-rendered-by=&amp;quot;2720:0&amp;quot; class=&amp;quot;panel slds-modal slds-modal_large slds-fade-in-open&amp;quot;&amp;gt;…&amp;lt;/div&amp;gt; from &amp;lt;div data-aura-rendered-by=&amp;quot;540:84;a&amp;quot; class=&amp;quot;DESKTOP uiContainerManager&amp;quot; data-aura-class=&amp;quot;uiContainerManager&amp;quot;&amp;gt;…&amp;lt;/div&amp;gt; subtree intercepts pointer events
- retrying click action, attempt #36
-   waiting 500ms
-   waiting for element to be visible, enabled and stable
-   element is visible, enabled and stable
-   scrolling into view if needed
-   done scrolling
-   &amp;lt;div role=&amp;quot;dialog&amp;quot; tabindex=&amp;quot;-1&amp;quot; aria-modal=&amp;quot;true&amp;quot; aria-labelledby=&amp;quot;title_2705:0&amp;quot; data-aura-rendered-by=&amp;quot;2720:0&amp;quot; class=&amp;quot;panel slds-modal slds-modal_large slds-fade-in-open&amp;quot;&amp;gt;…&amp;lt;/div&amp;gt; from &amp;lt;div data-aura-rendered-by=&amp;quot;540:84;a&amp;quot; class=&amp;quot;DESKTOP uiContainerManager&amp;quot; data-aura-class=&amp;quot;uiContainerManager&amp;quot;&amp;gt;…&amp;lt;/div&amp;gt; subtree intercepts pointer events
- retrying click action, attempt #37
-   waiting 500ms
-   waiting for element to be visible, enabled and stable
-   element is visible, enabled and stable
-   scrolling into view if needed
-   done scrolling
-   &amp;lt;div role=&amp;quot;dialog&amp;quot; tabindex=&amp;quot;-1&amp;quot; aria-modal=&amp;quot;true&amp;quot; aria-labelledby=&amp;quot;title_2705:0&amp;quot; data-aura-rendered-by=&amp;quot;2720:0&amp;quot; class=&amp;quot;panel slds-modal slds-modal_large slds-fade-in-open&amp;quot;&amp;gt;…&amp;lt;/div&amp;gt; from &amp;lt;div data-aura-rendered-by=&amp;quot;540:84;a&amp;quot; class=&amp;quot;DESKTOP uiContainerManager&amp;quot; data-aura-class=&amp;quot;uiContainerManager&amp;quot;&amp;gt;…&amp;lt;/div&amp;gt; subtree intercepts pointer events
- retrying click action, attempt #38
-   waiting 500ms
-   waiting for element to be visible, enabled and stable
-   element is visible, enabled and stable
-   scrolling into view if needed
-   done scrolling
-   &amp;lt;div role=&amp;quot;dialog&amp;quot; tabindex=&amp;quot;-1&amp;quot; aria-modal=&amp;quot;true&amp;quot; aria-labelledby=&amp;quot;title_2705:0&amp;quot; data-aura-rendered-by=&amp;quot;2720:0&amp;quot; class=&amp;quot;panel slds-modal slds-modal_large slds-fade-in-open&amp;quot;&amp;gt;…&amp;lt;/div&amp;gt; from &amp;lt;div data-aura-rendered-by=&amp;quot;540:84;a&amp;quot; class=&amp;quot;DESKTOP uiContainerManager&amp;quot; data-aura-class=&amp;quot;uiContainerManager&amp;quot;&amp;gt;…&amp;lt;/div&amp;gt; subtree intercepts pointer events
- retrying click action, attempt #39
-   waiting 500ms
-   waiting for element to be visible, enabled and stable
-   element is visible, enabled and stable
-   scrolling into view if needed
-   done scrolling
-   &amp;lt;div role=&amp;quot;dialog&amp;quot; tabindex=&amp;quot;-1&amp;quot; aria-modal=&amp;quot;true&amp;quot; aria-labelledby=&amp;quot;title_2705:0&amp;quot; data-aura-rendered-by=&amp;quot;2720:0&amp;quot; class=&amp;quot;panel slds-modal slds-modal_large slds-fade-in-open&amp;quot;&amp;gt;…&amp;lt;/div&amp;gt; from &amp;lt;div data-aura-rendered-by=&amp;quot;540:84;a&amp;quot; class=&amp;quot;DESKTOP uiContainerManager&amp;quot; data-aura-class=&amp;quot;uiContainerManager&amp;quot;&amp;gt;…&amp;lt;/div&amp;gt; subtree intercepts pointer events
- retrying click action, attempt #40
-   waiting 500ms
-   waiting for element to be visible, enabled and stable
-   element is visible, enabled and stable
-   scrolling into view if needed
-   done scrolling
-   &amp;lt;div role=&amp;quot;dialog&amp;quot; tabindex=&amp;quot;-1&amp;quot; aria-modal=&amp;quot;true&amp;quot; aria-labelledby=&amp;quot;title_2705:0&amp;quot; data-aura-rendered-by=&amp;quot;2720:0&amp;quot; class=&amp;quot;panel slds-modal slds-modal_large slds-fade-in-open&amp;quot;&amp;gt;…&amp;lt;/div&amp;gt; from &amp;lt;div data-aura-rendered-by=&amp;quot;540:84;a&amp;quot; class=&amp;quot;DESKTOP uiContainerManager&amp;quot; data-aura-class=&amp;quot;uiContainerManager&amp;quot;&amp;gt;…&amp;lt;/div&amp;gt; subtree intercepts pointer events
- retrying click action, attempt #41
-   waiting 500ms
-   waiting for element to be visible, enabled and stable
-   element is visible, enabled and stable
-   scrolling into view if needed
-   done scrolling
-   &amp;lt;div role=&amp;quot;dialog&amp;quot; tabindex=&amp;quot;-1&amp;quot; aria-modal=&amp;quot;true&amp;quot; aria-labelledby=&amp;quot;title_2705:0&amp;quot; data-aura-rendered-by=&amp;quot;2720:0&amp;quot; class=&amp;quot;panel slds-modal slds-modal_large slds-fade-in-open&amp;quot;&amp;gt;…&amp;lt;/div&amp;gt; from &amp;lt;div data-aura-rendered-by=&amp;quot;540:84;a&amp;quot; class=&amp;quot;DESKTOP uiContainerManager&amp;quot; data-aura-class=&amp;quot;uiContainerManager&amp;quot;&amp;gt;…&amp;lt;/div&amp;gt; subtree intercepts pointer events
- retrying click action, attempt #42
-   waiting 500ms
-   waiting for element to be visible, enabled and stable
-   element is visible, enabled and stable
-   scrolling into view if needed
-   done scrolling
-   &amp;lt;div role=&amp;quot;dialog&amp;quot; tabindex=&amp;quot;-1&amp;quot; aria-modal=&amp;quot;true&amp;quot; aria-labelledby=&amp;quot;title_2705:0&amp;quot; data-aura-rendered-by=&amp;quot;2720:0&amp;quot; class=&amp;quot;panel slds-modal slds-modal_large slds-fade-in-open&amp;quot;&amp;gt;…&amp;lt;/div&amp;gt; from &amp;lt;div data-aura-rendered-by=&amp;quot;540:84;a&amp;quot; class=&amp;quot;DESKTOP uiContainerManager&amp;quot; data-aura-class=&amp;quot;uiContainerManager&amp;quot;&amp;gt;…&amp;lt;/div&amp;gt; subtree intercepts pointer events
- retrying click action, attempt #43
-   waiting 500ms
-   waiting for element to be visible, enabled and stable
-   element is visible, enabled and stable
-   scrolling into view if needed
-   done scrolling
-   &amp;lt;div role=&amp;quot;dialog&amp;quot; tabindex=&amp;quot;-1&amp;quot; aria-modal=&amp;quot;true&amp;quot; aria-labelledby=&amp;quot;title_2705:0&amp;quot; data-aura-rendered-by=&amp;quot;2720:0&amp;quot; class=&amp;quot;panel slds-modal slds-modal_large slds-fade-in-open&amp;quot;&amp;gt;…&amp;lt;/div&amp;gt; from &amp;lt;div data-aura-rendered-by=&amp;quot;540:84;a&amp;quot; class=&amp;quot;DESKTOP uiContainerManager&amp;quot; data-aura-class=&amp;quot;uiContainerManager&amp;quot;&amp;gt;…&amp;lt;/div&amp;gt; subtree intercepts pointer events
- retrying click action, attempt #44
-   waiting 500ms
-   waiting for element to be visible, enabled and stable
-   element is visible, enabled and stable
-   scrolling into view if needed
-   done scrolling
-   &amp;lt;div role=&amp;quot;dialog&amp;quot; tabindex=&amp;quot;-1&amp;quot; aria-modal=&amp;quot;true&amp;quot; aria-labelledby=&amp;quot;title_2705:0&amp;quot; data-aura-rendered-by=&amp;quot;2720:0&amp;quot; class=&amp;quot;panel slds-modal slds-modal_large slds-fade-in-open&amp;quot;&amp;gt;…&amp;lt;/div&amp;gt; from &amp;lt;div data-aura-rendered-by=&amp;quot;540:84;a&amp;quot; class=&amp;quot;DESKTOP uiContainerManager&amp;quot; data-aura-class=&amp;quot;uiContainerManager&amp;quot;&amp;gt;…&amp;lt;/div&amp;gt; subtree intercepts pointer events
- retrying click action, attempt #45
-   waiting 500ms
-   waiting for element to be visible, enabled and stable
-   element is visible, enabled and stable
-   scrolling into view if needed
-   done scrolling
-   &amp;lt;div role=&amp;quot;dialog&amp;quot; tabindex=&amp;quot;-1&amp;quot; aria-modal=&amp;quot;true&amp;quot; aria-labelledby=&amp;quot;title_2705:0&amp;quot; data-aura-rendered-by=&amp;quot;2720:0&amp;quot; class=&amp;quot;panel slds-modal slds-modal_large slds-fade-in-open&amp;quot;&amp;gt;…&amp;lt;/div&amp;gt; from &amp;lt;div data-aura-rendered-by=&amp;quot;540:84;a&amp;quot; class=&amp;quot;DESKTOP uiContainerManager&amp;quot; data-aura-class=&amp;quot;uiContainerManager&amp;quot;&amp;gt;…&amp;lt;/div&amp;gt; subtree intercepts pointer events
- retrying click action, attempt #46
-   waiting 500ms
-   waiting for element to be visible, enabled and stable
-   element is visible, enabled and stable
-   scrolling into view if needed
-   done scrolling
-   &amp;lt;div role=&amp;quot;dialog&amp;quot; tabindex=&amp;quot;-1&amp;quot; aria-modal=&amp;quot;true&amp;quot; aria-labelledby=&amp;quot;title_2705:0&amp;quot; data-aura-rendered-by=&amp;quot;2720:0&amp;quot; class=&amp;quot;panel slds-modal slds-modal_large slds-fade-in-open&amp;quot;&amp;gt;…&amp;lt;/div&amp;gt; from &amp;lt;div data-aura-rendered-by=&amp;quot;540:84;a&amp;quot; class=&amp;quot;DESKTOP uiContainerManager&amp;quot; data-aura-class=&amp;quot;uiContainerManager&amp;quot;&amp;gt;…&amp;lt;/div&amp;gt; subtree intercepts pointer events
- retrying click action, attempt #47
-   waiting 500ms
-   waiting for element to be visible, enabled and stable
-   element is visible, enabled and stable
-   scrolling into view if needed
-   done scrolling
-   &amp;lt;div role=&amp;quot;dialog&amp;quot; tabindex=&amp;quot;-1&amp;quot; aria-modal=&amp;quot;true&amp;quot; aria-labelledby=&amp;quot;title_2705:0&amp;quot; data-aura-rendered-by=&amp;quot;2720:0&amp;quot; class=&amp;quot;panel slds-modal slds-modal_large slds-fade-in-open&amp;quot;&amp;gt;…&amp;lt;/div&amp;gt; from &amp;lt;div data-aura-rendered-by=&amp;quot;540:84;a&amp;quot; class=&amp;quot;DESKTOP uiContainerManager&amp;quot; data-aura-class=&amp;quot;uiContainerManager&amp;quot;&amp;gt;…&amp;lt;/div&amp;gt; subtree intercepts pointer events
- retrying click action, attempt #48
-   waiting 500ms
-   waiting for element to be visible, enabled and stable
-   element is visible, enabled and stable
-   scrolling into view if needed
-   done scrolling
-   &amp;lt;div role=&amp;quot;dialog&amp;quot; tabindex=&amp;quot;-1&amp;quot; aria-modal=&amp;quot;true&amp;quot; aria-labelledby=&amp;quot;title_2705:0&amp;quot; data-aura-rendered-by=&amp;quot;2720:0&amp;quot; class=&amp;quot;panel slds-modal slds-modal_large slds-fade-in-open&amp;quot;&amp;gt;…&amp;lt;/div&amp;gt; from &amp;lt;div data-aura-rendered-by=&amp;quot;540:84;a&amp;quot; class=&amp;quot;DESKTOP uiContainerManager&amp;quot; data-aura-class=&amp;quot;uiContainerManager&amp;quot;&amp;gt;…&amp;lt;/div&amp;gt; subtree intercepts pointer events
- retrying click action, attempt #49
-   waiting 500ms
-   waiting for element to be visible, enabled and stable
-   element is visible, enabled and stable
-   scrolling into view if needed
-   done scrolling
-   &amp;lt;div role=&amp;quot;dialog&amp;quot; tabindex=&amp;quot;-1&amp;quot; aria-modal=&amp;quot;true&amp;quot; aria-labelledby=&amp;quot;title_2705:0&amp;quot; data-aura-rendered-by=&amp;quot;2720:0&amp;quot; class=&amp;quot;panel slds-modal slds-modal_large slds-fade-in-open&amp;quot;&amp;gt;…&amp;lt;/div&amp;gt; from &amp;lt;div data-aura-rendered-by=&amp;quot;540:84;a&amp;quot; class=&amp;quot;DESKTOP uiContainerManager&amp;quot; data-aura-class=&amp;quot;uiContainerManager&amp;quot;&amp;gt;…&amp;lt;/div&amp;gt; subtree intercepts pointer events
- retrying click action, attempt #50
-   waiting 500ms
-   waiting for element to be visible, enabled and stable
-   element is visible, enabled and stable
-   scrolling into view if needed
-   done scrolling
-   &amp;lt;div role=&amp;quot;dialog&amp;quot; tabindex=&amp;quot;-1&amp;quot; aria-modal=&amp;quot;true&amp;quot; aria-labelledby=&amp;quot;title_2705:0&amp;quot; data-aura-rendered-by=&amp;quot;2720:0&amp;quot; class=&amp;quot;panel slds-modal slds-modal_large slds-fade-in-open&amp;quot;&amp;gt;…&amp;lt;/div&amp;gt; from &amp;lt;div data-aura-rendered-by=&amp;quot;540:84;a&amp;quot; class=&amp;quot;DESKTOP uiContainerManager&amp;quot; data-aura-class=&amp;quot;uiContainerManager&amp;quot;&amp;gt;…&amp;lt;/div&amp;gt; subtree intercepts pointer events
- retrying click action, attempt #51
-   waiting 500ms
-   waiting for element to be visible, enabled and stable
-   element is visible, enabled and stable
-   scrolling into view if needed
-   done scrolling
-   &amp;lt;div role=&amp;quot;dialog&amp;quot; tabindex=&amp;quot;-1&amp;quot; aria-modal=&amp;quot;true&amp;quot; aria-labelledby=&amp;quot;title_2705:0&amp;quot; data-aura-rendered-by=&amp;quot;2720:0&amp;quot; class=&amp;quot;panel slds-modal slds-modal_large slds-fade-in-open&amp;quot;&amp;gt;…&amp;lt;/div&amp;gt; from &amp;lt;div data-aura-rendered-by=&amp;quot;540:84;a&amp;quot; class=&amp;quot;DESKTOP uiContainerManager&amp;quot; data-aura-class=&amp;quot;uiContainerManager&amp;quot;&amp;gt;…&amp;lt;/div&amp;gt; subtree intercepts pointer events
- retrying click action, attempt #52
-   waiting 500ms
-   waiting for element to be visible, enabled and stable
-   element is visible, enabled and stable
-   scrolling into view if needed
-   done scrolling
-   &amp;lt;div role=&amp;quot;dialog&amp;quot; tabindex=&amp;quot;-1&amp;quot; aria-modal=&amp;quot;true&amp;quot; aria-labelledby=&amp;quot;title_2705:0&amp;quot; data-aura-rendered-by=&amp;quot;2720:0&amp;quot; class=&amp;quot;panel slds-modal slds-modal_large slds-fade-in-open&amp;quot;&amp;gt;…&amp;lt;/div&amp;gt; from &amp;lt;div data-aura-rendered-by=&amp;quot;540:84;a&amp;quot; class=&amp;quot;DESKTOP uiContainerManager&amp;quot; data-aura-class=&amp;quot;uiContainerManager&amp;quot;&amp;gt;…&amp;lt;/div&amp;gt; subtree intercepts pointer events
- retrying click action, attempt #53
-   waiting 500ms
-   waiting for element to be visible, enabled and stable
-   element is visible, enabled and stable
-   scrolling into view if needed
-   done scrolling
-   &amp;lt;div role=&amp;quot;dialog&amp;quot; tabindex=&amp;quot;-1&amp;quot; aria-modal=&amp;quot;true&amp;quot; aria-labelledby=&amp;quot;title_2705:0&amp;quot; data-aura-rendered-by=&amp;quot;2720:0&amp;quot; class=&amp;quot;panel slds-modal slds-modal_large slds-fade-in-open&amp;quot;&amp;gt;…&amp;lt;/div&amp;gt; from &amp;lt;div data-aura-rendered-by=&amp;quot;540:84;a&amp;quot; class=&amp;quot;DESKTOP uiContainerManager&amp;quot; data-aura-class=&amp;quot;uiContainerManager&amp;quot;&amp;gt;…&amp;lt;/div&amp;gt; subtree intercepts pointer events
- retrying click action, attempt #54
-   waiting 500ms
-   waiting for element to be visible, enabled and stable
-   element is visible, enabled and stable
-   scrolling into view if needed
-   done scrolling
-   &amp;lt;div role=&amp;quot;dialog&amp;quot; tabindex=&amp;quot;-1&amp;quot; aria-modal=&amp;quot;true&amp;quot; aria-labelledby=&amp;quot;title_2705:0&amp;quot; data-aura-rendered-by=&amp;quot;2720:0&amp;quot; class=&amp;quot;panel slds-modal slds-modal_large slds-fade-in-open&amp;quot;&amp;gt;…&amp;lt;/div&amp;gt; from &amp;lt;div data-aura-rendered-by=&amp;quot;540:84;a&amp;quot; class=&amp;quot;DESKTOP uiContainerManager&amp;quot; data-aura-class=&amp;quot;uiContainerManager&amp;quot;&amp;gt;…&amp;lt;/div&amp;gt; subtree intercepts pointer events
- retrying click action, attempt #55
-   waiting 500ms
-   waiting for element to be visible, enabled and stable
-   element is visible, enabled and stable
-   scrolling into view if needed
-   done scrolling
-   &amp;lt;div role=&amp;quot;dialog&amp;quot; tabindex=&amp;quot;-1&amp;quot; aria-modal=&amp;quot;true&amp;quot; aria-labelledby=&amp;quot;title_2705:0&amp;quot; data-aura-rendered-by=&amp;quot;2720:0&amp;quot; class=&amp;quot;panel slds-modal slds-modal_large slds-fade-in-open&amp;quot;&amp;gt;…&amp;lt;/div&amp;gt; from &amp;lt;div data-aura-rendered-by=&amp;quot;540:84;a&amp;quot; class=&amp;quot;DESKTOP uiContainerManager&amp;quot; data-aura-class=&amp;quot;uiContainerManager&amp;quot;&amp;gt;…&amp;lt;/div&amp;gt; subtree intercepts pointer events
- retrying click action, attempt #56
-   waiting 500ms
-   waiting for element to be visible, enabled and stable
-   element is visible, enabled and stable
-   scrolling into view if needed
-   done scrolling
-   &amp;lt;div role=&amp;quot;dialog&amp;quot; tabindex=&amp;quot;-1&amp;quot; aria-modal=&amp;quot;true&amp;quot; aria-labelledby=&amp;quot;title_2705:0&amp;quot; data-aura-rendered-by=&amp;quot;2720:0&amp;quot; class=&amp;quot;panel slds-modal slds-modal_large slds-fade-in-open&amp;quot;&amp;gt;…&amp;lt;/div&amp;gt; from &amp;lt;div data-aura-rendered-by=&amp;quot;540:84;a&amp;quot; class=&amp;quot;DESKTOP uiContainerManager&amp;quot; data-aura-class=&amp;quot;uiContainerManager&amp;quot;&amp;gt;…&amp;lt;/div&amp;gt; subtree intercepts pointer events
- retrying click action, attempt #57
-   waiting 500ms
-   waiting for element to be visible, enabled and stable
-   element is visible, enabled and stable
-   scrolling into view if needed
-   done scrolling
-   &amp;lt;div role=&amp;quot;dialog&amp;quot; tabindex=&amp;quot;-1&amp;quot; aria-modal=&amp;quot;true&amp;quot; aria-labelledby=&amp;quot;title_2705:0&amp;quot; data-aura-rendered-by=&amp;quot;2720:0&amp;quot; class=&amp;quot;panel slds-modal slds-modal_large slds-fade-in-open&amp;quot;&amp;gt;…&amp;lt;/div&amp;gt; from &amp;lt;div data-aura-rendered-by=&amp;quot;540:84;a&amp;quot; class=&amp;quot;DESKTOP uiContainerManager&amp;quot; data-aura-class=&amp;quot;uiContainerManager&amp;quot;&amp;gt;…&amp;lt;/div&amp;gt; subtree intercepts pointer events
- retrying click action, attempt #58
-   waiting 500ms
">
      <![CDATA[com.microsoft.playwright.TimeoutError: Error {
  message='Timeout 30000ms exceeded.
  name='TimeoutError
  stack='TimeoutError: Timeout 30000ms exceeded.
    at ProgressController.run (C:\Users\DELL\AppData\Local\Temp\playwright-java-9094571774876306972\package\lib\server\progress.js:78:26)
    at Frame.click (C:\Users\DELL\AppData\Local\Temp\playwright-java-9094571774876306972\package\lib\server\frames.js:1013:23)
    at FrameDispatcher.click (C:\Users\DELL\AppData\Local\Temp\playwright-java-9094571774876306972\package\lib\server\dispatchers\frameDispatcher.js:157:30)
    at FrameDispatcher._handleCommand (C:\Users\DELL\AppData\Local\Temp\playwright-java-9094571774876306972\package\lib\server\dispatchers\dispatcher.js:94:40)
    at DispatcherConnection.dispatch (C:\Users\DELL\AppData\Local\Temp\playwright-java-9094571774876306972\package\lib\server\dispatchers\dispatcher.js:361:39)
}
Call log:
- waiting for locator("//span[@data-aura-class='oneUserProfileCardTrigger']//button").first()
-   locator resolved to <button type="button" aria-haspopup="true" data-aura-rendered-by="97:204;a" class="slds-button branding-userProfile-button slds-button slds-global-actions__avatar slds-global-actions__item-action">…</button>
- attempting click action
-   waiting for element to be visible, enabled and stable
-   element is visible, enabled and stable
-   scrolling into view if needed
-   done scrolling
-   <div role="dialog" tabindex="-1" aria-modal="true" aria-labelledby="title_2705:0" data-aura-rendered-by="2720:0" class="panel slds-modal slds-modal_large slds-fade-in-open">…</div> from <div data-aura-rendered-by="540:84;a" class="DESKTOP uiContainerManager" data-aura-class="uiContainerManager">…</div> subtree intercepts pointer events
- retrying click action, attempt #1
-   waiting for element to be visible, enabled and stable
-   element is visible, enabled and stable
-   scrolling into view if needed
-   done scrolling
-   <div role="dialog" tabindex="-1" aria-modal="true" aria-labelledby="title_2705:0" data-aura-rendered-by="2720:0" class="panel slds-modal slds-modal_large slds-fade-in-open">…</div> from <div data-aura-rendered-by="540:84;a" class="DESKTOP uiContainerManager" data-aura-class="uiContainerManager">…</div> subtree intercepts pointer events
- retrying click action, attempt #2
-   waiting 20ms
-   waiting for element to be visible, enabled and stable
-   element is visible, enabled and stable
-   scrolling into view if needed
-   done scrolling
-   <div role="dialog" tabindex="-1" aria-modal="true" aria-labelledby="title_2705:0" data-aura-rendered-by="2720:0" class="panel slds-modal slds-modal_large slds-fade-in-open">…</div> from <div data-aura-rendered-by="540:84;a" class="DESKTOP uiContainerManager" data-aura-class="uiContainerManager">…</div> subtree intercepts pointer events
- retrying click action, attempt #3
-   waiting 100ms
-   waiting for element to be visible, enabled and stable
-   element is visible, enabled and stable
-   scrolling into view if needed
-   done scrolling
-   <div role="dialog" tabindex="-1" aria-modal="true" aria-labelledby="title_2705:0" data-aura-rendered-by="2720:0" class="panel slds-modal slds-modal_large slds-fade-in-open">…</div> from <div data-aura-rendered-by="540:84;a" class="DESKTOP uiContainerManager" data-aura-class="uiContainerManager">…</div> subtree intercepts pointer events
- retrying click action, attempt #4
-   waiting 100ms
-   waiting for element to be visible, enabled and stable
-   element is visible, enabled and stable
-   scrolling into view if needed
-   done scrolling
-   <div role="dialog" tabindex="-1" aria-modal="true" aria-labelledby="title_2705:0" data-aura-rendered-by="2720:0" class="panel slds-modal slds-modal_large slds-fade-in-open">…</div> from <div data-aura-rendered-by="540:84;a" class="DESKTOP uiContainerManager" data-aura-class="uiContainerManager">…</div> subtree intercepts pointer events
- retrying click action, attempt #5
-   waiting 500ms
-   waiting for element to be visible, enabled and stable
-   element is visible, enabled and stable
-   scrolling into view if needed
-   done scrolling
-   <div role="dialog" tabindex="-1" aria-modal="true" aria-labelledby="title_2705:0" data-aura-rendered-by="2720:0" class="panel slds-modal slds-modal_large slds-fade-in-open">…</div> from <div data-aura-rendered-by="540:84;a" class="DESKTOP uiContainerManager" data-aura-class="uiContainerManager">…</div> subtree intercepts pointer events
- retrying click action, attempt #6
-   waiting 500ms
-   waiting for element to be visible, enabled and stable
-   element is visible, enabled and stable
-   scrolling into view if needed
-   done scrolling
-   <div role="dialog" tabindex="-1" aria-modal="true" aria-labelledby="title_2705:0" data-aura-rendered-by="2720:0" class="panel slds-modal slds-modal_large slds-fade-in-open">…</div> from <div data-aura-rendered-by="540:84;a" class="DESKTOP uiContainerManager" data-aura-class="uiContainerManager">…</div> subtree intercepts pointer events
- retrying click action, attempt #7
-   waiting 500ms
-   waiting for element to be visible, enabled and stable
-   element is visible, enabled and stable
-   scrolling into view if needed
-   done scrolling
-   <div role="dialog" tabindex="-1" aria-modal="true" aria-labelledby="title_2705:0" data-aura-rendered-by="2720:0" class="panel slds-modal slds-modal_large slds-fade-in-open">…</div> from <div data-aura-rendered-by="540:84;a" class="DESKTOP uiContainerManager" data-aura-class="uiContainerManager">…</div> subtree intercepts pointer events
- retrying click action, attempt #8
-   waiting 500ms
-   waiting for element to be visible, enabled and stable
-   element is visible, enabled and stable
-   scrolling into view if needed
-   done scrolling
-   <div role="dialog" tabindex="-1" aria-modal="true" aria-labelledby="title_2705:0" data-aura-rendered-by="2720:0" class="panel slds-modal slds-modal_large slds-fade-in-open">…</div> from <div data-aura-rendered-by="540:84;a" class="DESKTOP uiContainerManager" data-aura-class="uiContainerManager">…</div> subtree intercepts pointer events
- retrying click action, attempt #9
-   waiting 500ms
-   waiting for element to be visible, enabled and stable
-   element is visible, enabled and stable
-   scrolling into view if needed
-   done scrolling
-   <div role="dialog" tabindex="-1" aria-modal="true" aria-labelledby="title_2705:0" data-aura-rendered-by="2720:0" class="panel slds-modal slds-modal_large slds-fade-in-open">…</div> from <div data-aura-rendered-by="540:84;a" class="DESKTOP uiContainerManager" data-aura-class="uiContainerManager">…</div> subtree intercepts pointer events
- retrying click action, attempt #10
-   waiting 500ms
-   waiting for element to be visible, enabled and stable
-   element is visible, enabled and stable
-   scrolling into view if needed
-   done scrolling
-   <div role="dialog" tabindex="-1" aria-modal="true" aria-labelledby="title_2705:0" data-aura-rendered-by="2720:0" class="panel slds-modal slds-modal_large slds-fade-in-open">…</div> from <div data-aura-rendered-by="540:84;a" class="DESKTOP uiContainerManager" data-aura-class="uiContainerManager">…</div> subtree intercepts pointer events
- retrying click action, attempt #11
-   waiting 500ms
-   waiting for element to be visible, enabled and stable
-   element is visible, enabled and stable
-   scrolling into view if needed
-   done scrolling
-   <div role="dialog" tabindex="-1" aria-modal="true" aria-labelledby="title_2705:0" data-aura-rendered-by="2720:0" class="panel slds-modal slds-modal_large slds-fade-in-open">…</div> from <div data-aura-rendered-by="540:84;a" class="DESKTOP uiContainerManager" data-aura-class="uiContainerManager">…</div> subtree intercepts pointer events
- retrying click action, attempt #12
-   waiting 500ms
-   waiting for element to be visible, enabled and stable
-   element is visible, enabled and stable
-   scrolling into view if needed
-   done scrolling
-   <div role="dialog" tabindex="-1" aria-modal="true" aria-labelledby="title_2705:0" data-aura-rendered-by="2720:0" class="panel slds-modal slds-modal_large slds-fade-in-open">…</div> from <div data-aura-rendered-by="540:84;a" class="DESKTOP uiContainerManager" data-aura-class="uiContainerManager">…</div> subtree intercepts pointer events
- retrying click action, attempt #13
-   waiting 500ms
-   waiting for element to be visible, enabled and stable
-   element is visible, enabled and stable
-   scrolling into view if needed
-   done scrolling
-   <div role="dialog" tabindex="-1" aria-modal="true" aria-labelledby="title_2705:0" data-aura-rendered-by="2720:0" class="panel slds-modal slds-modal_large slds-fade-in-open">…</div> from <div data-aura-rendered-by="540:84;a" class="DESKTOP uiContainerManager" data-aura-class="uiContainerManager">…</div> subtree intercepts pointer events
- retrying click action, attempt #14
-   waiting 500ms
-   waiting for element to be visible, enabled and stable
-   element is visible, enabled and stable
-   scrolling into view if needed
-   done scrolling
-   <div role="dialog" tabindex="-1" aria-modal="true" aria-labelledby="title_2705:0" data-aura-rendered-by="2720:0" class="panel slds-modal slds-modal_large slds-fade-in-open">…</div> from <div data-aura-rendered-by="540:84;a" class="DESKTOP uiContainerManager" data-aura-class="uiContainerManager">…</div> subtree intercepts pointer events
- retrying click action, attempt #15
-   waiting 500ms
-   waiting for element to be visible, enabled and stable
-   element is visible, enabled and stable
-   scrolling into view if needed
-   done scrolling
-   <div role="dialog" tabindex="-1" aria-modal="true" aria-labelledby="title_2705:0" data-aura-rendered-by="2720:0" class="panel slds-modal slds-modal_large slds-fade-in-open">…</div> from <div data-aura-rendered-by="540:84;a" class="DESKTOP uiContainerManager" data-aura-class="uiContainerManager">…</div> subtree intercepts pointer events
- retrying click action, attempt #16
-   waiting 500ms
-   waiting for element to be visible, enabled and stable
-   element is visible, enabled and stable
-   scrolling into view if needed
-   done scrolling
-   <div role="dialog" tabindex="-1" aria-modal="true" aria-labelledby="title_2705:0" data-aura-rendered-by="2720:0" class="panel slds-modal slds-modal_large slds-fade-in-open">…</div> from <div data-aura-rendered-by="540:84;a" class="DESKTOP uiContainerManager" data-aura-class="uiContainerManager">…</div> subtree intercepts pointer events
- retrying click action, attempt #17
-   waiting 500ms
-   waiting for element to be visible, enabled and stable
-   element is visible, enabled and stable
-   scrolling into view if needed
-   done scrolling
-   <div role="dialog" tabindex="-1" aria-modal="true" aria-labelledby="title_2705:0" data-aura-rendered-by="2720:0" class="panel slds-modal slds-modal_large slds-fade-in-open">…</div> from <div data-aura-rendered-by="540:84;a" class="DESKTOP uiContainerManager" data-aura-class="uiContainerManager">…</div> subtree intercepts pointer events
- retrying click action, attempt #18
-   waiting 500ms
-   waiting for element to be visible, enabled and stable
-   element is visible, enabled and stable
-   scrolling into view if needed
-   done scrolling
-   <div role="dialog" tabindex="-1" aria-modal="true" aria-labelledby="title_2705:0" data-aura-rendered-by="2720:0" class="panel slds-modal slds-modal_large slds-fade-in-open">…</div> from <div data-aura-rendered-by="540:84;a" class="DESKTOP uiContainerManager" data-aura-class="uiContainerManager">…</div> subtree intercepts pointer events
- retrying click action, attempt #19
-   waiting 500ms
-   waiting for element to be visible, enabled and stable
-   element is visible, enabled and stable
-   scrolling into view if needed
-   done scrolling
-   <div role="dialog" tabindex="-1" aria-modal="true" aria-labelledby="title_2705:0" data-aura-rendered-by="2720:0" class="panel slds-modal slds-modal_large slds-fade-in-open">…</div> from <div data-aura-rendered-by="540:84;a" class="DESKTOP uiContainerManager" data-aura-class="uiContainerManager">…</div> subtree intercepts pointer events
- retrying click action, attempt #20
-   waiting 500ms
-   waiting for element to be visible, enabled and stable
-   element is visible, enabled and stable
-   scrolling into view if needed
-   done scrolling
-   <div role="dialog" tabindex="-1" aria-modal="true" aria-labelledby="title_2705:0" data-aura-rendered-by="2720:0" class="panel slds-modal slds-modal_large slds-fade-in-open">…</div> from <div data-aura-rendered-by="540:84;a" class="DESKTOP uiContainerManager" data-aura-class="uiContainerManager">…</div> subtree intercepts pointer events
- retrying click action, attempt #21
-   waiting 500ms
-   waiting for element to be visible, enabled and stable
-   element is visible, enabled and stable
-   scrolling into view if needed
-   done scrolling
-   <div role="dialog" tabindex="-1" aria-modal="true" aria-labelledby="title_2705:0" data-aura-rendered-by="2720:0" class="panel slds-modal slds-modal_large slds-fade-in-open">…</div> from <div data-aura-rendered-by="540:84;a" class="DESKTOP uiContainerManager" data-aura-class="uiContainerManager">…</div> subtree intercepts pointer events
- retrying click action, attempt #22
-   waiting 500ms
-   waiting for element to be visible, enabled and stable
-   element is visible, enabled and stable
-   scrolling into view if needed
-   done scrolling
-   <div role="dialog" tabindex="-1" aria-modal="true" aria-labelledby="title_2705:0" data-aura-rendered-by="2720:0" class="panel slds-modal slds-modal_large slds-fade-in-open">…</div> from <div data-aura-rendered-by="540:84;a" class="DESKTOP uiContainerManager" data-aura-class="uiContainerManager">…</div> subtree intercepts pointer events
- retrying click action, attempt #23
-   waiting 500ms
-   waiting for element to be visible, enabled and stable
-   element is visible, enabled and stable
-   scrolling into view if needed
-   done scrolling
-   <div role="dialog" tabindex="-1" aria-modal="true" aria-labelledby="title_2705:0" data-aura-rendered-by="2720:0" class="panel slds-modal slds-modal_large slds-fade-in-open">…</div> from <div data-aura-rendered-by="540:84;a" class="DESKTOP uiContainerManager" data-aura-class="uiContainerManager">…</div> subtree intercepts pointer events
- retrying click action, attempt #24
-   waiting 500ms
-   waiting for element to be visible, enabled and stable
-   element is visible, enabled and stable
-   scrolling into view if needed
-   done scrolling
-   <div role="dialog" tabindex="-1" aria-modal="true" aria-labelledby="title_2705:0" data-aura-rendered-by="2720:0" class="panel slds-modal slds-modal_large slds-fade-in-open">…</div> from <div data-aura-rendered-by="540:84;a" class="DESKTOP uiContainerManager" data-aura-class="uiContainerManager">…</div> subtree intercepts pointer events
- retrying click action, attempt #25
-   waiting 500ms
-   waiting for element to be visible, enabled and stable
-   element is visible, enabled and stable
-   scrolling into view if needed
-   done scrolling
-   <div role="dialog" tabindex="-1" aria-modal="true" aria-labelledby="title_2705:0" data-aura-rendered-by="2720:0" class="panel slds-modal slds-modal_large slds-fade-in-open">…</div> from <div data-aura-rendered-by="540:84;a" class="DESKTOP uiContainerManager" data-aura-class="uiContainerManager">…</div> subtree intercepts pointer events
- retrying click action, attempt #26
-   waiting 500ms
-   waiting for element to be visible, enabled and stable
-   element is visible, enabled and stable
-   scrolling into view if needed
-   done scrolling
-   <div role="dialog" tabindex="-1" aria-modal="true" aria-labelledby="title_2705:0" data-aura-rendered-by="2720:0" class="panel slds-modal slds-modal_large slds-fade-in-open">…</div> from <div data-aura-rendered-by="540:84;a" class="DESKTOP uiContainerManager" data-aura-class="uiContainerManager">…</div> subtree intercepts pointer events
- retrying click action, attempt #27
-   waiting 500ms
-   waiting for element to be visible, enabled and stable
-   element is visible, enabled and stable
-   scrolling into view if needed
-   done scrolling
-   <div role="dialog" tabindex="-1" aria-modal="true" aria-labelledby="title_2705:0" data-aura-rendered-by="2720:0" class="panel slds-modal slds-modal_large slds-fade-in-open">…</div> from <div data-aura-rendered-by="540:84;a" class="DESKTOP uiContainerManager" data-aura-class="uiContainerManager">…</div> subtree intercepts pointer events
- retrying click action, attempt #28
-   waiting 500ms
-   waiting for element to be visible, enabled and stable
-   element is visible, enabled and stable
-   scrolling into view if needed
-   done scrolling
-   <div role="dialog" tabindex="-1" aria-modal="true" aria-labelledby="title_2705:0" data-aura-rendered-by="2720:0" class="panel slds-modal slds-modal_large slds-fade-in-open">…</div> from <div data-aura-rendered-by="540:84;a" class="DESKTOP uiContainerManager" data-aura-class="uiContainerManager">…</div> subtree intercepts pointer events
- retrying click action, attempt #29
-   waiting 500ms
-   waiting for element to be visible, enabled and stable
-   element is visible, enabled and stable
-   scrolling into view if needed
-   done scrolling
-   <div role="dialog" tabindex="-1" aria-modal="true" aria-labelledby="title_2705:0" data-aura-rendered-by="2720:0" class="panel slds-modal slds-modal_large slds-fade-in-open">…</div> from <div data-aura-rendered-by="540:84;a" class="DESKTOP uiContainerManager" data-aura-class="uiContainerManager">…</div> subtree intercepts pointer events
- retrying click action, attempt #30
-   waiting 500ms
-   waiting for element to be visible, enabled and stable
-   element is visible, enabled and stable
-   scrolling into view if needed
-   done scrolling
-   <div role="dialog" tabindex="-1" aria-modal="true" aria-labelledby="title_2705:0" data-aura-rendered-by="2720:0" class="panel slds-modal slds-modal_large slds-fade-in-open">…</div> from <div data-aura-rendered-by="540:84;a" class="DESKTOP uiContainerManager" data-aura-class="uiContainerManager">…</div> subtree intercepts pointer events
- retrying click action, attempt #31
-   waiting 500ms
-   waiting for element to be visible, enabled and stable
-   element is visible, enabled and stable
-   scrolling into view if needed
-   done scrolling
-   <div role="dialog" tabindex="-1" aria-modal="true" aria-labelledby="title_2705:0" data-aura-rendered-by="2720:0" class="panel slds-modal slds-modal_large slds-fade-in-open">…</div> from <div data-aura-rendered-by="540:84;a" class="DESKTOP uiContainerManager" data-aura-class="uiContainerManager">…</div> subtree intercepts pointer events
- retrying click action, attempt #32
-   waiting 500ms
-   waiting for element to be visible, enabled and stable
-   element is visible, enabled and stable
-   scrolling into view if needed
-   done scrolling
-   <div role="dialog" tabindex="-1" aria-modal="true" aria-labelledby="title_2705:0" data-aura-rendered-by="2720:0" class="panel slds-modal slds-modal_large slds-fade-in-open">…</div> from <div data-aura-rendered-by="540:84;a" class="DESKTOP uiContainerManager" data-aura-class="uiContainerManager">…</div> subtree intercepts pointer events
- retrying click action, attempt #33
-   waiting 500ms
-   waiting for element to be visible, enabled and stable
-   element is visible, enabled and stable
-   scrolling into view if needed
-   done scrolling
-   <div role="dialog" tabindex="-1" aria-modal="true" aria-labelledby="title_2705:0" data-aura-rendered-by="2720:0" class="panel slds-modal slds-modal_large slds-fade-in-open">…</div> from <div data-aura-rendered-by="540:84;a" class="DESKTOP uiContainerManager" data-aura-class="uiContainerManager">…</div> subtree intercepts pointer events
- retrying click action, attempt #34
-   waiting 500ms
-   waiting for element to be visible, enabled and stable
-   element is visible, enabled and stable
-   scrolling into view if needed
-   done scrolling
-   <div role="dialog" tabindex="-1" aria-modal="true" aria-labelledby="title_2705:0" data-aura-rendered-by="2720:0" class="panel slds-modal slds-modal_large slds-fade-in-open">…</div> from <div data-aura-rendered-by="540:84;a" class="DESKTOP uiContainerManager" data-aura-class="uiContainerManager">…</div> subtree intercepts pointer events
- retrying click action, attempt #35
-   waiting 500ms
-   waiting for element to be visible, enabled and stable
-   element is visible, enabled and stable
-   scrolling into view if needed
-   done scrolling
-   <div role="dialog" tabindex="-1" aria-modal="true" aria-labelledby="title_2705:0" data-aura-rendered-by="2720:0" class="panel slds-modal slds-modal_large slds-fade-in-open">…</div> from <div data-aura-rendered-by="540:84;a" class="DESKTOP uiContainerManager" data-aura-class="uiContainerManager">…</div> subtree intercepts pointer events
- retrying click action, attempt #36
-   waiting 500ms
-   waiting for element to be visible, enabled and stable
-   element is visible, enabled and stable
-   scrolling into view if needed
-   done scrolling
-   <div role="dialog" tabindex="-1" aria-modal="true" aria-labelledby="title_2705:0" data-aura-rendered-by="2720:0" class="panel slds-modal slds-modal_large slds-fade-in-open">…</div> from <div data-aura-rendered-by="540:84;a" class="DESKTOP uiContainerManager" data-aura-class="uiContainerManager">…</div> subtree intercepts pointer events
- retrying click action, attempt #37
-   waiting 500ms
-   waiting for element to be visible, enabled and stable
-   element is visible, enabled and stable
-   scrolling into view if needed
-   done scrolling
-   <div role="dialog" tabindex="-1" aria-modal="true" aria-labelledby="title_2705:0" data-aura-rendered-by="2720:0" class="panel slds-modal slds-modal_large slds-fade-in-open">…</div> from <div data-aura-rendered-by="540:84;a" class="DESKTOP uiContainerManager" data-aura-class="uiContainerManager">…</div> subtree intercepts pointer events
- retrying click action, attempt #38
-   waiting 500ms
-   waiting for element to be visible, enabled and stable
-   element is visible, enabled and stable
-   scrolling into view if needed
-   done scrolling
-   <div role="dialog" tabindex="-1" aria-modal="true" aria-labelledby="title_2705:0" data-aura-rendered-by="2720:0" class="panel slds-modal slds-modal_large slds-fade-in-open">…</div> from <div data-aura-rendered-by="540:84;a" class="DESKTOP uiContainerManager" data-aura-class="uiContainerManager">…</div> subtree intercepts pointer events
- retrying click action, attempt #39
-   waiting 500ms
-   waiting for element to be visible, enabled and stable
-   element is visible, enabled and stable
-   scrolling into view if needed
-   done scrolling
-   <div role="dialog" tabindex="-1" aria-modal="true" aria-labelledby="title_2705:0" data-aura-rendered-by="2720:0" class="panel slds-modal slds-modal_large slds-fade-in-open">…</div> from <div data-aura-rendered-by="540:84;a" class="DESKTOP uiContainerManager" data-aura-class="uiContainerManager">…</div> subtree intercepts pointer events
- retrying click action, attempt #40
-   waiting 500ms
-   waiting for element to be visible, enabled and stable
-   element is visible, enabled and stable
-   scrolling into view if needed
-   done scrolling
-   <div role="dialog" tabindex="-1" aria-modal="true" aria-labelledby="title_2705:0" data-aura-rendered-by="2720:0" class="panel slds-modal slds-modal_large slds-fade-in-open">…</div> from <div data-aura-rendered-by="540:84;a" class="DESKTOP uiContainerManager" data-aura-class="uiContainerManager">…</div> subtree intercepts pointer events
- retrying click action, attempt #41
-   waiting 500ms
-   waiting for element to be visible, enabled and stable
-   element is visible, enabled and stable
-   scrolling into view if needed
-   done scrolling
-   <div role="dialog" tabindex="-1" aria-modal="true" aria-labelledby="title_2705:0" data-aura-rendered-by="2720:0" class="panel slds-modal slds-modal_large slds-fade-in-open">…</div> from <div data-aura-rendered-by="540:84;a" class="DESKTOP uiContainerManager" data-aura-class="uiContainerManager">…</div> subtree intercepts pointer events
- retrying click action, attempt #42
-   waiting 500ms
-   waiting for element to be visible, enabled and stable
-   element is visible, enabled and stable
-   scrolling into view if needed
-   done scrolling
-   <div role="dialog" tabindex="-1" aria-modal="true" aria-labelledby="title_2705:0" data-aura-rendered-by="2720:0" class="panel slds-modal slds-modal_large slds-fade-in-open">…</div> from <div data-aura-rendered-by="540:84;a" class="DESKTOP uiContainerManager" data-aura-class="uiContainerManager">…</div> subtree intercepts pointer events
- retrying click action, attempt #43
-   waiting 500ms
-   waiting for element to be visible, enabled and stable
-   element is visible, enabled and stable
-   scrolling into view if needed
-   done scrolling
-   <div role="dialog" tabindex="-1" aria-modal="true" aria-labelledby="title_2705:0" data-aura-rendered-by="2720:0" class="panel slds-modal slds-modal_large slds-fade-in-open">…</div> from <div data-aura-rendered-by="540:84;a" class="DESKTOP uiContainerManager" data-aura-class="uiContainerManager">…</div> subtree intercepts pointer events
- retrying click action, attempt #44
-   waiting 500ms
-   waiting for element to be visible, enabled and stable
-   element is visible, enabled and stable
-   scrolling into view if needed
-   done scrolling
-   <div role="dialog" tabindex="-1" aria-modal="true" aria-labelledby="title_2705:0" data-aura-rendered-by="2720:0" class="panel slds-modal slds-modal_large slds-fade-in-open">…</div> from <div data-aura-rendered-by="540:84;a" class="DESKTOP uiContainerManager" data-aura-class="uiContainerManager">…</div> subtree intercepts pointer events
- retrying click action, attempt #45
-   waiting 500ms
-   waiting for element to be visible, enabled and stable
-   element is visible, enabled and stable
-   scrolling into view if needed
-   done scrolling
-   <div role="dialog" tabindex="-1" aria-modal="true" aria-labelledby="title_2705:0" data-aura-rendered-by="2720:0" class="panel slds-modal slds-modal_large slds-fade-in-open">…</div> from <div data-aura-rendered-by="540:84;a" class="DESKTOP uiContainerManager" data-aura-class="uiContainerManager">…</div> subtree intercepts pointer events
- retrying click action, attempt #46
-   waiting 500ms
-   waiting for element to be visible, enabled and stable
-   element is visible, enabled and stable
-   scrolling into view if needed
-   done scrolling
-   <div role="dialog" tabindex="-1" aria-modal="true" aria-labelledby="title_2705:0" data-aura-rendered-by="2720:0" class="panel slds-modal slds-modal_large slds-fade-in-open">…</div> from <div data-aura-rendered-by="540:84;a" class="DESKTOP uiContainerManager" data-aura-class="uiContainerManager">…</div> subtree intercepts pointer events
- retrying click action, attempt #47
-   waiting 500ms
-   waiting for element to be visible, enabled and stable
-   element is visible, enabled and stable
-   scrolling into view if needed
-   done scrolling
-   <div role="dialog" tabindex="-1" aria-modal="true" aria-labelledby="title_2705:0" data-aura-rendered-by="2720:0" class="panel slds-modal slds-modal_large slds-fade-in-open">…</div> from <div data-aura-rendered-by="540:84;a" class="DESKTOP uiContainerManager" data-aura-class="uiContainerManager">…</div> subtree intercepts pointer events
- retrying click action, attempt #48
-   waiting 500ms
-   waiting for element to be visible, enabled and stable
-   element is visible, enabled and stable
-   scrolling into view if needed
-   done scrolling
-   <div role="dialog" tabindex="-1" aria-modal="true" aria-labelledby="title_2705:0" data-aura-rendered-by="2720:0" class="panel slds-modal slds-modal_large slds-fade-in-open">…</div> from <div data-aura-rendered-by="540:84;a" class="DESKTOP uiContainerManager" data-aura-class="uiContainerManager">…</div> subtree intercepts pointer events
- retrying click action, attempt #49
-   waiting 500ms
-   waiting for element to be visible, enabled and stable
-   element is visible, enabled and stable
-   scrolling into view if needed
-   done scrolling
-   <div role="dialog" tabindex="-1" aria-modal="true" aria-labelledby="title_2705:0" data-aura-rendered-by="2720:0" class="panel slds-modal slds-modal_large slds-fade-in-open">…</div> from <div data-aura-rendered-by="540:84;a" class="DESKTOP uiContainerManager" data-aura-class="uiContainerManager">…</div> subtree intercepts pointer events
- retrying click action, attempt #50
-   waiting 500ms
-   waiting for element to be visible, enabled and stable
-   element is visible, enabled and stable
-   scrolling into view if needed
-   done scrolling
-   <div role="dialog" tabindex="-1" aria-modal="true" aria-labelledby="title_2705:0" data-aura-rendered-by="2720:0" class="panel slds-modal slds-modal_large slds-fade-in-open">…</div> from <div data-aura-rendered-by="540:84;a" class="DESKTOP uiContainerManager" data-aura-class="uiContainerManager">…</div> subtree intercepts pointer events
- retrying click action, attempt #51
-   waiting 500ms
-   waiting for element to be visible, enabled and stable
-   element is visible, enabled and stable
-   scrolling into view if needed
-   done scrolling
-   <div role="dialog" tabindex="-1" aria-modal="true" aria-labelledby="title_2705:0" data-aura-rendered-by="2720:0" class="panel slds-modal slds-modal_large slds-fade-in-open">…</div> from <div data-aura-rendered-by="540:84;a" class="DESKTOP uiContainerManager" data-aura-class="uiContainerManager">…</div> subtree intercepts pointer events
- retrying click action, attempt #52
-   waiting 500ms
-   waiting for element to be visible, enabled and stable
-   element is visible, enabled and stable
-   scrolling into view if needed
-   done scrolling
-   <div role="dialog" tabindex="-1" aria-modal="true" aria-labelledby="title_2705:0" data-aura-rendered-by="2720:0" class="panel slds-modal slds-modal_large slds-fade-in-open">…</div> from <div data-aura-rendered-by="540:84;a" class="DESKTOP uiContainerManager" data-aura-class="uiContainerManager">…</div> subtree intercepts pointer events
- retrying click action, attempt #53
-   waiting 500ms
-   waiting for element to be visible, enabled and stable
-   element is visible, enabled and stable
-   scrolling into view if needed
-   done scrolling
-   <div role="dialog" tabindex="-1" aria-modal="true" aria-labelledby="title_2705:0" data-aura-rendered-by="2720:0" class="panel slds-modal slds-modal_large slds-fade-in-open">…</div> from <div data-aura-rendered-by="540:84;a" class="DESKTOP uiContainerManager" data-aura-class="uiContainerManager">…</div> subtree intercepts pointer events
- retrying click action, attempt #54
-   waiting 500ms
-   waiting for element to be visible, enabled and stable
-   element is visible, enabled and stable
-   scrolling into view if needed
-   done scrolling
-   <div role="dialog" tabindex="-1" aria-modal="true" aria-labelledby="title_2705:0" data-aura-rendered-by="2720:0" class="panel slds-modal slds-modal_large slds-fade-in-open">…</div> from <div data-aura-rendered-by="540:84;a" class="DESKTOP uiContainerManager" data-aura-class="uiContainerManager">…</div> subtree intercepts pointer events
- retrying click action, attempt #55
-   waiting 500ms
-   waiting for element to be visible, enabled and stable
-   element is visible, enabled and stable
-   scrolling into view if needed
-   done scrolling
-   <div role="dialog" tabindex="-1" aria-modal="true" aria-labelledby="title_2705:0" data-aura-rendered-by="2720:0" class="panel slds-modal slds-modal_large slds-fade-in-open">…</div> from <div data-aura-rendered-by="540:84;a" class="DESKTOP uiContainerManager" data-aura-class="uiContainerManager">…</div> subtree intercepts pointer events
- retrying click action, attempt #56
-   waiting 500ms
-   waiting for element to be visible, enabled and stable
-   element is visible, enabled and stable
-   scrolling into view if needed
-   done scrolling
-   <div role="dialog" tabindex="-1" aria-modal="true" aria-labelledby="title_2705:0" data-aura-rendered-by="2720:0" class="panel slds-modal slds-modal_large slds-fade-in-open">…</div> from <div data-aura-rendered-by="540:84;a" class="DESKTOP uiContainerManager" data-aura-class="uiContainerManager">…</div> subtree intercepts pointer events
- retrying click action, attempt #57
-   waiting 500ms
-   waiting for element to be visible, enabled and stable
-   element is visible, enabled and stable
-   scrolling into view if needed
-   done scrolling
-   <div role="dialog" tabindex="-1" aria-modal="true" aria-labelledby="title_2705:0" data-aura-rendered-by="2720:0" class="panel slds-modal slds-modal_large slds-fade-in-open">…</div> from <div data-aura-rendered-by="540:84;a" class="DESKTOP uiContainerManager" data-aura-class="uiContainerManager">…</div> subtree intercepts pointer events
- retrying click action, attempt #58
-   waiting 500ms

at com.microsoft.playwright.impl.WaitableResult.get(WaitableResult.java:52)
at com.microsoft.playwright.impl.ChannelOwner.runUntil(ChannelOwner.java:132)
at com.microsoft.playwright.impl.Connection.sendMessage(Connection.java:130)
at com.microsoft.playwright.impl.ChannelOwner.sendMessage(ChannelOwner.java:118)
at com.microsoft.playwright.impl.FrameImpl.clickImpl(FrameImpl.java:252)
[...]
-   scrolling into view if needed
-   done scrolling
-   <div role="dialog" tabindex="-1" aria-modal="true" aria-labelledby="title_2705:0" data-aura-rendered-by="2720:0" class="panel slds-modal slds-modal_large slds-fade-in-open">…</div> from <div data-aura-rendered-by="540:84;a" class="DESKTOP uiContainerManager" data-aura-class="uiContainerManager">…</div> subtree intercepts pointer events
- retrying click action, attempt #33
-   waiting 500ms
-   waiting for element to be visible, enabled and stable
-   element is visible, enabled and stable
-   scrolling into view if needed
-   done scrolling
-   <div role="dialog" tabindex="-1" aria-modal="true" aria-labelledby="title_2705:0" data-aura-rendered-by="2720:0" class="panel slds-modal slds-modal_large slds-fade-in-open">…</div> from <div data-aura-rendered-by="540:84;a" class="DESKTOP uiContainerManager" data-aura-class="uiContainerManager">…</div> subtree intercepts pointer events
- retrying click action, attempt #34
-   waiting 500ms
-   waiting for element to be visible, enabled and stable
-   element is visible, enabled and stable
-   scrolling into view if needed
-   done scrolling
-   <div role="dialog" tabindex="-1" aria-modal="true" aria-labelledby="title_2705:0" data-aura-rendered-by="2720:0" class="panel slds-modal slds-modal_large slds-fade-in-open">…</div> from <div data-aura-rendered-by="540:84;a" class="DESKTOP uiContainerManager" data-aura-class="uiContainerManager">…</div> subtree intercepts pointer events
- retrying click action, attempt #35
-   waiting 500ms
-   waiting for element to be visible, enabled and stable
-   element is visible, enabled and stable
-   scrolling into view if needed
-   done scrolling
-   <div role="dialog" tabindex="-1" aria-modal="true" aria-labelledby="title_2705:0" data-aura-rendered-by="2720:0" class="panel slds-modal slds-modal_large slds-fade-in-open">…</div> from <div data-aura-rendered-by="540:84;a" class="DESKTOP uiContainerManager" data-aura-class="uiContainerManager">…</div> subtree intercepts pointer events
- retrying click action, attempt #36
-   waiting 500ms
-   waiting for element to be visible, enabled and stable
-   element is visible, enabled and stable
-   scrolling into view if needed
-   done scrolling
-   <div role="dialog" tabindex="-1" aria-modal="true" aria-labelledby="title_2705:0" data-aura-rendered-by="2720:0" class="panel slds-modal slds-modal_large slds-fade-in-open">…</div> from <div data-aura-rendered-by="540:84;a" class="DESKTOP uiContainerManager" data-aura-class="uiContainerManager">…</div> subtree intercepts pointer events
- retrying click action, attempt #37
-   waiting 500ms
-   waiting for element to be visible, enabled and stable
-   element is visible, enabled and stable
-   scrolling into view if needed
-   done scrolling
-   <div role="dialog" tabindex="-1" aria-modal="true" aria-labelledby="title_2705:0" data-aura-rendered-by="2720:0" class="panel slds-modal slds-modal_large slds-fade-in-open">…</div> from <div data-aura-rendered-by="540:84;a" class="DESKTOP uiContainerManager" data-aura-class="uiContainerManager">…</div> subtree intercepts pointer events
- retrying click action, attempt #38
-   waiting 500ms
-   waiting for element to be visible, enabled and stable
-   element is visible, enabled and stable
-   scrolling into view if needed
-   done scrolling
-   <div role="dialog" tabindex="-1" aria-modal="true" aria-labelledby="title_2705:0" data-aura-rendered-by="2720:0" class="panel slds-modal slds-modal_large slds-fade-in-open">…</div> from <div data-aura-rendered-by="540:84;a" class="DESKTOP uiContainerManager" data-aura-class="uiContainerManager">…</div> subtree intercepts pointer events
- retrying click action, attempt #39
-   waiting 500ms
-   waiting for element to be visible, enabled and stable
-   element is visible, enabled and stable
-   scrolling into view if needed
-   done scrolling
-   <div role="dialog" tabindex="-1" aria-modal="true" aria-labelledby="title_2705:0" data-aura-rendered-by="2720:0" class="panel slds-modal slds-modal_large slds-fade-in-open">…</div> from <div data-aura-rendered-by="540:84;a" class="DESKTOP uiContainerManager" data-aura-class="uiContainerManager">…</div> subtree intercepts pointer events
- retrying click action, attempt #40
-   waiting 500ms
-   waiting for element to be visible, enabled and stable
-   element is visible, enabled and stable
-   scrolling into view if needed
-   done scrolling
-   <div role="dialog" tabindex="-1" aria-modal="true" aria-labelledby="title_2705:0" data-aura-rendered-by="2720:0" class="panel slds-modal slds-modal_large slds-fade-in-open">…</div> from <div data-aura-rendered-by="540:84;a" class="DESKTOP uiContainerManager" data-aura-class="uiContainerManager">…</div> subtree intercepts pointer events
- retrying click action, attempt #41
-   waiting 500ms
-   waiting for element to be visible, enabled and stable
-   element is visible, enabled and stable
-   scrolling into view if needed
-   done scrolling
-   <div role="dialog" tabindex="-1" aria-modal="true" aria-labelledby="title_2705:0" data-aura-rendered-by="2720:0" class="panel slds-modal slds-modal_large slds-fade-in-open">…</div> from <div data-aura-rendered-by="540:84;a" class="DESKTOP uiContainerManager" data-aura-class="uiContainerManager">…</div> subtree intercepts pointer events
- retrying click action, attempt #42
-   waiting 500ms
-   waiting for element to be visible, enabled and stable
-   element is visible, enabled and stable
-   scrolling into view if needed
-   done scrolling
-   <div role="dialog" tabindex="-1" aria-modal="true" aria-labelledby="title_2705:0" data-aura-rendered-by="2720:0" class="panel slds-modal slds-modal_large slds-fade-in-open">…</div> from <div data-aura-rendered-by="540:84;a" class="DESKTOP uiContainerManager" data-aura-class="uiContainerManager">…</div> subtree intercepts pointer events
- retrying click action, attempt #43
-   waiting 500ms
-   waiting for element to be visible, enabled and stable
-   element is visible, enabled and stable
-   scrolling into view if needed
-   done scrolling
-   <div role="dialog" tabindex="-1" aria-modal="true" aria-labelledby="title_2705:0" data-aura-rendered-by="2720:0" class="panel slds-modal slds-modal_large slds-fade-in-open">…</div> from <div data-aura-rendered-by="540:84;a" class="DESKTOP uiContainerManager" data-aura-class="uiContainerManager">…</div> subtree intercepts pointer events
- retrying click action, attempt #44
-   waiting 500ms
-   waiting for element to be visible, enabled and stable
-   element is visible, enabled and stable
-   scrolling into view if needed
-   done scrolling
-   <div role="dialog" tabindex="-1" aria-modal="true" aria-labelledby="title_2705:0" data-aura-rendered-by="2720:0" class="panel slds-modal slds-modal_large slds-fade-in-open">…</div> from <div data-aura-rendered-by="540:84;a" class="DESKTOP uiContainerManager" data-aura-class="uiContainerManager">…</div> subtree intercepts pointer events
- retrying click action, attempt #45
-   waiting 500ms
-   waiting for element to be visible, enabled and stable
-   element is visible, enabled and stable
-   scrolling into view if needed
-   done scrolling
-   <div role="dialog" tabindex="-1" aria-modal="true" aria-labelledby="title_2705:0" data-aura-rendered-by="2720:0" class="panel slds-modal slds-modal_large slds-fade-in-open">…</div> from <div data-aura-rendered-by="540:84;a" class="DESKTOP uiContainerManager" data-aura-class="uiContainerManager">…</div> subtree intercepts pointer events
- retrying click action, attempt #46
-   waiting 500ms
-   waiting for element to be visible, enabled and stable
-   element is visible, enabled and stable
-   scrolling into view if needed
-   done scrolling
-   <div role="dialog" tabindex="-1" aria-modal="true" aria-labelledby="title_2705:0" data-aura-rendered-by="2720:0" class="panel slds-modal slds-modal_large slds-fade-in-open">…</div> from <div data-aura-rendered-by="540:84;a" class="DESKTOP uiContainerManager" data-aura-class="uiContainerManager">…</div> subtree intercepts pointer events
- retrying click action, attempt #47
-   waiting 500ms
-   waiting for element to be visible, enabled and stable
-   element is visible, enabled and stable
-   scrolling into view if needed
-   done scrolling
-   <div role="dialog" tabindex="-1" aria-modal="true" aria-labelledby="title_2705:0" data-aura-rendered-by="2720:0" class="panel slds-modal slds-modal_large slds-fade-in-open">…</div> from <div data-aura-rendered-by="540:84;a" class="DESKTOP uiContainerManager" data-aura-class="uiContainerManager">…</div> subtree intercepts pointer events
- retrying click action, attempt #48
-   waiting 500ms
-   waiting for element to be visible, enabled and stable
-   element is visible, enabled and stable
-   scrolling into view if needed
-   done scrolling
-   <div role="dialog" tabindex="-1" aria-modal="true" aria-labelledby="title_2705:0" data-aura-rendered-by="2720:0" class="panel slds-modal slds-modal_large slds-fade-in-open">…</div> from <div data-aura-rendered-by="540:84;a" class="DESKTOP uiContainerManager" data-aura-class="uiContainerManager">…</div> subtree intercepts pointer events
- retrying click action, attempt #49
-   waiting 500ms
-   waiting for element to be visible, enabled and stable
-   element is visible, enabled and stable
-   scrolling into view if needed
-   done scrolling
-   <div role="dialog" tabindex="-1" aria-modal="true" aria-labelledby="title_2705:0" data-aura-rendered-by="2720:0" class="panel slds-modal slds-modal_large slds-fade-in-open">…</div> from <div data-aura-rendered-by="540:84;a" class="DESKTOP uiContainerManager" data-aura-class="uiContainerManager">…</div> subtree intercepts pointer events
- retrying click action, attempt #50
-   waiting 500ms
-   waiting for element to be visible, enabled and stable
-   element is visible, enabled and stable
-   scrolling into view if needed
-   done scrolling
-   <div role="dialog" tabindex="-1" aria-modal="true" aria-labelledby="title_2705:0" data-aura-rendered-by="2720:0" class="panel slds-modal slds-modal_large slds-fade-in-open">…</div> from <div data-aura-rendered-by="540:84;a" class="DESKTOP uiContainerManager" data-aura-class="uiContainerManager">…</div> subtree intercepts pointer events
- retrying click action, attempt #51
-   waiting 500ms
-   waiting for element to be visible, enabled and stable
-   element is visible, enabled and stable
-   scrolling into view if needed
-   done scrolling
-   <div role="dialog" tabindex="-1" aria-modal="true" aria-labelledby="title_2705:0" data-aura-rendered-by="2720:0" class="panel slds-modal slds-modal_large slds-fade-in-open">…</div> from <div data-aura-rendered-by="540:84;a" class="DESKTOP uiContainerManager" data-aura-class="uiContainerManager">…</div> subtree intercepts pointer events
- retrying click action, attempt #52
-   waiting 500ms
-   waiting for element to be visible, enabled and stable
-   element is visible, enabled and stable
-   scrolling into view if needed
-   done scrolling
-   <div role="dialog" tabindex="-1" aria-modal="true" aria-labelledby="title_2705:0" data-aura-rendered-by="2720:0" class="panel slds-modal slds-modal_large slds-fade-in-open">…</div> from <div data-aura-rendered-by="540:84;a" class="DESKTOP uiContainerManager" data-aura-class="uiContainerManager">…</div> subtree intercepts pointer events
- retrying click action, attempt #53
-   waiting 500ms
-   waiting for element to be visible, enabled and stable
-   element is visible, enabled and stable
-   scrolling into view if needed
-   done scrolling
-   <div role="dialog" tabindex="-1" aria-modal="true" aria-labelledby="title_2705:0" data-aura-rendered-by="2720:0" class="panel slds-modal slds-modal_large slds-fade-in-open">…</div> from <div data-aura-rendered-by="540:84;a" class="DESKTOP uiContainerManager" data-aura-class="uiContainerManager">…</div> subtree intercepts pointer events
- retrying click action, attempt #54
-   waiting 500ms
-   waiting for element to be visible, enabled and stable
-   element is visible, enabled and stable
-   scrolling into view if needed
-   done scrolling
-   <div role="dialog" tabindex="-1" aria-modal="true" aria-labelledby="title_2705:0" data-aura-rendered-by="2720:0" class="panel slds-modal slds-modal_large slds-fade-in-open">…</div> from <div data-aura-rendered-by="540:84;a" class="DESKTOP uiContainerManager" data-aura-class="uiContainerManager">…</div> subtree intercepts pointer events
- retrying click action, attempt #55
-   waiting 500ms
-   waiting for element to be visible, enabled and stable
-   element is visible, enabled and stable
-   scrolling into view if needed
-   done scrolling
-   <div role="dialog" tabindex="-1" aria-modal="true" aria-labelledby="title_2705:0" data-aura-rendered-by="2720:0" class="panel slds-modal slds-modal_large slds-fade-in-open">…</div> from <div data-aura-rendered-by="540:84;a" class="DESKTOP uiContainerManager" data-aura-class="uiContainerManager">…</div> subtree intercepts pointer events
- retrying click action, attempt #56
-   waiting 500ms
-   waiting for element to be visible, enabled and stable
-   element is visible, enabled and stable
-   scrolling into view if needed
-   done scrolling
-   <div role="dialog" tabindex="-1" aria-modal="true" aria-labelledby="title_2705:0" data-aura-rendered-by="2720:0" class="panel slds-modal slds-modal_large slds-fade-in-open">…</div> from <div data-aura-rendered-by="540:84;a" class="DESKTOP uiContainerManager" data-aura-class="uiContainerManager">…</div> subtree intercepts pointer events
- retrying click action, attempt #57
-   waiting 500ms
-   waiting for element to be visible, enabled and stable
-   element is visible, enabled and stable
-   scrolling into view if needed
-   done scrolling
-   <div role="dialog" tabindex="-1" aria-modal="true" aria-labelledby="title_2705:0" data-aura-rendered-by="2720:0" class="panel slds-modal slds-modal_large slds-fade-in-open">…</div> from <div data-aura-rendered-by="540:84;a" class="DESKTOP uiContainerManager" data-aura-class="uiContainerManager">…</div> subtree intercepts pointer events
- retrying click action, attempt #58
-   waiting 500ms

at com.microsoft.playwright.impl.Connection.dispatch(Connection.java:254)
at com.microsoft.playwright.impl.Connection.processOneMessage(Connection.java:211)
at com.microsoft.playwright.impl.ChannelOwner.runUntil(ChannelOwner.java:130)
... 41 more
... Removed 22 stack frames]]>
    </failure>
  </testcase> <!-- @AfterMethod tearDown -->
  <testcase classname="base.ProjectHooks" name="@AfterMethod postCondition" time="0.0">
    <skipped/>
  </testcase> <!-- @AfterMethod postCondition -->
  <testcase classname="testcases.TC001_CreateLead" name="runCreateLead" time="10.605"/>
  <testcase classname="testcases.TC002_EditLead" name="runEditLead" time="30.241">
    <failure type="com.microsoft.playwright.TimeoutError" message="Error {
  message=&amp;apos;Timeout 30000ms exceeded.
  name=&amp;apos;TimeoutError
  stack=&amp;apos;TimeoutError: Timeout 30000ms exceeded.
    at ProgressController.run (C:\Users\DELL\AppData\Local\Temp\playwright-java-9094571774876306972\package\lib\server\progress.js:78:26)
    at Frame.click (C:\Users\DELL\AppData\Local\Temp\playwright-java-9094571774876306972\package\lib\server\frames.js:1013:23)
    at FrameDispatcher.click (C:\Users\DELL\AppData\Local\Temp\playwright-java-9094571774876306972\package\lib\server\dispatchers\frameDispatcher.js:157:30)
    at FrameDispatcher._handleCommand (C:\Users\DELL\AppData\Local\Temp\playwright-java-9094571774876306972\package\lib\server\dispatchers\dispatcher.js:94:40)
    at DispatcherConnection.dispatch (C:\Users\DELL\AppData\Local\Temp\playwright-java-9094571774876306972\package\lib\server\dispatchers\dispatcher.js:361:39)
}
Call log:
- waiting for locator(&amp;quot;//a[@data-label=&amp;apos;Leads&amp;apos;]/ancestor::li&amp;quot;).first()
">
      <![CDATA[com.microsoft.playwright.TimeoutError: Error {
  message='Timeout 30000ms exceeded.
  name='TimeoutError
  stack='TimeoutError: Timeout 30000ms exceeded.
    at ProgressController.run (C:\Users\DELL\AppData\Local\Temp\playwright-java-9094571774876306972\package\lib\server\progress.js:78:26)
    at Frame.click (C:\Users\DELL\AppData\Local\Temp\playwright-java-9094571774876306972\package\lib\server\frames.js:1013:23)
    at FrameDispatcher.click (C:\Users\DELL\AppData\Local\Temp\playwright-java-9094571774876306972\package\lib\server\dispatchers\frameDispatcher.js:157:30)
    at FrameDispatcher._handleCommand (C:\Users\DELL\AppData\Local\Temp\playwright-java-9094571774876306972\package\lib\server\dispatchers\dispatcher.js:94:40)
    at DispatcherConnection.dispatch (C:\Users\DELL\AppData\Local\Temp\playwright-java-9094571774876306972\package\lib\server\dispatchers\dispatcher.js:361:39)
}
Call log:
- waiting for locator("//a[@data-label='Leads']/ancestor::li").first()

at com.microsoft.playwright.impl.WaitableResult.get(WaitableResult.java:52)
at com.microsoft.playwright.impl.ChannelOwner.runUntil(ChannelOwner.java:132)
at com.microsoft.playwright.impl.Connection.sendMessage(Connection.java:130)
at com.microsoft.playwright.impl.ChannelOwner.sendMessage(ChannelOwner.java:118)
at com.microsoft.playwright.impl.FrameImpl.clickImpl(FrameImpl.java:252)
at com.microsoft.playwright.impl.FrameImpl.lambda$click$8(FrameImpl.java:243)
at com.microsoft.playwright.impl.LoggingSupport.lambda$withLogging$0(LoggingSupport.java:36)
at com.microsoft.playwright.impl.LoggingSupport.withLogging(LoggingSupport.java:47)
at com.microsoft.playwright.impl.ChannelOwner.withLogging(ChannelOwner.java:97)
at com.microsoft.playwright.impl.LoggingSupport.withLogging(LoggingSupport.java:35)
at com.microsoft.playwright.impl.FrameImpl.click(FrameImpl.java:243)
at com.microsoft.playwright.impl.LocatorImpl.click(LocatorImpl.java:160)
at com.microsoft.playwright.Locator.click(Locator.java:2413)
at com.testleaf.web.element.PwLinkImpl.click(PwLinkImpl.java:13)
at pages.AppLauncherPage.searchAndClickLeads(AppLauncherPage.java:22)
at testcases.TC002_EditLead.runEditLead(TC002_EditLead.java:20)
at java.base/java.util.ArrayList.forEach(ArrayList.java:1511)
at java.base/java.util.concurrent.FutureTask.run(FutureTask.java:264)
at java.base/java.util.concurrent.ThreadPoolExecutor.runWorker(ThreadPoolExecutor.java:1136)
at java.base/java.util.concurrent.ThreadPoolExecutor$Worker.run(ThreadPoolExecutor.java:635)
at java.base/java.lang.Thread.run(Thread.java:840)
Caused by: com.microsoft.playwright.TimeoutError: Error {
  message='Timeout 30000ms exceeded.
  name='TimeoutError
  stack='TimeoutError: Timeout 30000ms exceeded.
    at ProgressController.run (C:\Users\DELL\AppData\Local\Temp\playwright-java-9094571774876306972\package\lib\server\progress.js:78:26)
    at Frame.click (C:\Users\DELL\AppData\Local\Temp\playwright-java-9094571774876306972\package\lib\server\frames.js:1013:23)
    at FrameDispatcher.click (C:\Users\DELL\AppData\Local\Temp\playwright-java-9094571774876306972\package\lib\server\dispatchers\frameDispatcher.js:157:30)
    at FrameDispatcher._handleCommand (C:\Users\DELL\AppData\Local\Temp\playwright-java-9094571774876306972\package\lib\server\dispatchers\dispatcher.js:94:40)
    at DispatcherConnection.dispatch (C:\Users\DELL\AppData\Local\Temp\playwright-java-9094571774876306972\package\lib\server\dispatchers\dispatcher.js:361:39)
}
Call log:
- waiting for locator("//a[@data-label='Leads']/ancestor::li").first()

at com.microsoft.playwright.impl.Connection.dispatch(Connection.java:254)
at com.microsoft.playwright.impl.Connection.processOneMessage(Connection.java:211)
at com.microsoft.playwright.impl.ChannelOwner.runUntil(ChannelOwner.java:130)
... 36 more
... Removed 17 stack frames]]>
    </failure>
  </testcase> <!-- runEditLead -->
  <testcase classname="testcases.TC003_DeleteLead" name="runDeleteLead" time="7.565"/>
</testsuite> <!-- CreateLeadTest_Playwright_Firefox -->
