<?xml version="1.0" encoding="UTF-8"?>
<!-- Generated by org.testng.reporters.JUnitXMLReporter -->
<testsuite ignored="0" hostname="DESKTOP-EFS8UAB" failures="0" tests="2" name="Salesforce_Testcase_Selenium_Chrome" time="66.902" errors="0" timestamp="2025-05-21T14:12:15 IST">
  <testcase classname="io.cucumber.testng.AbstractTestNGCucumberTests" name="runScenario" time="16.635"/>
  <testcase classname="io.cucumber.testng.AbstractTestNGCucumberTests" name="runScenario" time="14.513"/>
</testsuite> <!-- Salesforce_Testcase_Selenium_Chrome -->
